[2026-06-29 21:10:39] [INFO] 📂 加载检查点: 已完成 11 轮
[2026-06-29 21:10:39] [INFO]    B子集索引: 1
[2026-06-29 21:10:39] [INFO] 📋 加载策略: 30 条
[2026-06-29 21:10:39] [INFO] 📊 加载窗口数据: 304 个窗口
[2026-06-29 21:10:39] [INFO] 📊 B1 子集: 51 个窗口
[2026-06-29 21:10:39] [INFO] 📊 B2 子集: 51 个窗口
[2026-06-29 21:10:39] [INFO] ======================================================================
[2026-06-29 21:10:39] [INFO] 🚀 独立缓存补全工具
[2026-06-29 21:10:39] [INFO] 📁 运行目录: llog/cs2
[2026-06-29 21:10:39] [INFO] 📋 策略数: 30
[2026-06-29 21:10:39] [INFO] ⚡ 并行线程: 12
[2026-06-29 21:10:39] [INFO] ======================================================================
[2026-06-29 21:10:39] [INFO] 
======================================================================
[2026-06-29 21:10:39] [INFO] 📦 构建 B1 缓存
[2026-06-29 21:10:39] [INFO] ======================================================================
[2026-06-29 21:10:39] [INFO]    📂 加载已有缓存: llog/cs2\rl_cache_b1.pkl (1102 项)
[2026-06-29 21:10:39] [INFO]    📊 B1 窗口数: 51
[2026-06-29 21:10:39] [INFO]    📊 总任务: 1530, 已有缓存: 1102, 缺失: 561
[2026-06-29 21:10:39] [INFO]    ⚡ 开始并行计算 561 个缺失任务（12 线程）...
