[2026-06-29 23:21:40] [INFO] 📂 加载检查点: 已完成 12 轮
[2026-06-29 23:21:40] [INFO]    B子集索引: 1
[2026-06-29 23:21:40] [INFO]    ✅ A部分评估已完成 (跳过重复评估)
[2026-06-29 23:21:40] [INFO]    🔄 [子阶段状态] 第 13 轮: reinduction_done=True, cache_built=True, rl_training_pending=True
[2026-06-29 23:21:40] [INFO] 📋 加载策略: 34 条
[2026-06-29 23:21:40] [INFO] 📊 加载窗口数据: 304 个窗口
[2026-06-29 23:21:40] [INFO] 📊 B1 子集: 51 个窗口
[2026-06-29 23:21:40] [INFO] 📊 B2 子集: 51 个窗口
[2026-06-29 23:21:40] [INFO] 📁 B1 缓存文件: llog/cs2\r.pkl
[2026-06-29 23:21:40] [INFO] 📁 B2 缓存文件: llog/cs2\rr.pkl
[2026-06-29 23:21:40] [INFO] ⚡ 并行线程数: 32
[2026-06-29 23:21:40] [INFO] ======================================================================
[2026-06-29 23:21:40] [INFO] 🚀 独立缓存补全工具
[2026-06-29 23:21:40] [INFO] 📁 运行目录: llog/cs2
[2026-06-29 23:21:40] [INFO] 📋 策略数: 34
[2026-06-29 23:21:40] [INFO] ⚡ 并行线程: 32
[2026-06-29 23:21:40] [INFO] ======================================================================
[2026-06-29 23:21:40] [INFO] 
======================================================================
[2026-06-29 23:21:40] [INFO] 📦 构建 B1 缓存
[2026-06-29 23:21:40] [INFO] 📁 缓存文件: llog/cs2\r.pkl
[2026-06-29 23:21:40] [INFO] ======================================================================
[2026-06-29 23:21:40] [INFO]    📂 加载已有缓存: llog/cs2\r.pkl (1102 项)
[2026-06-29 23:21:40] [INFO]    📊 B1 窗口数: 51
[2026-06-29 23:21:40] [INFO]    📊 总任务: 1734, 已有缓存: 1102, 缺失: 765
[2026-06-29 23:21:40] [INFO]    ⚡ 开始并行计算 765 个缺失任务（32 线程）...
