[2026-06-29 21:58:27] [INFO] 📂 加载检查点: 已完成 11 轮
[2026-06-29 21:58:27] [INFO]    B子集索引: 1
[2026-06-29 21:58:27] [INFO] 📋 加载策略: 30 条
[2026-06-29 21:58:27] [INFO] 📊 加载窗口数据: 304 个窗口
[2026-06-29 21:58:27] [INFO] 📊 B1 子集: 51 个窗口
[2026-06-29 21:58:27] [INFO] 📊 B2 子集: 51 个窗口
[2026-06-29 21:58:27] [INFO] 📁 B1 缓存文件: llog\cs2\r.pkl
[2026-06-29 21:58:27] [INFO] 📁 B2 缓存文件: llog\cs2\rr.pkl
[2026-06-29 21:58:27] [INFO] ⚡ 并行线程数: 16
[2026-06-29 21:58:27] [INFO] ======================================================================
[2026-06-29 21:58:27] [INFO] 🚀 独立缓存补全工具
[2026-06-29 21:58:27] [INFO] 📁 运行目录: llog\cs2
[2026-06-29 21:58:27] [INFO] 📋 策略数: 30
[2026-06-29 21:58:27] [INFO] ⚡ 并行线程: 16
[2026-06-29 21:58:27] [INFO] ======================================================================
[2026-06-29 21:58:27] [INFO] 
======================================================================
[2026-06-29 21:58:27] [INFO] 📦 构建 B1 缓存
[2026-06-29 21:58:27] [INFO] 📁 缓存文件: llog\cs2\r.pkl
[2026-06-29 21:58:27] [INFO] ======================================================================
[2026-06-29 21:58:27] [INFO]    📂 加载已有缓存: llog\cs2\r.pkl (1102 项)
[2026-06-29 21:58:27] [INFO]    📊 B1 窗口数: 51
[2026-06-29 21:58:27] [INFO]    📊 总任务: 1530, 已有缓存: 1102, 缺失: 561
[2026-06-29 21:58:27] [INFO]    ⚡ 开始并行计算 561 个缺失任务（16 线程）...
