[2026-06-29 21:54:34] [INFO] 📂 加载检查点: 已完成 11 轮
[2026-06-29 21:54:34] [INFO]    B子集索引: 1
[2026-06-29 21:54:34] [INFO] 📋 加载策略: 30 条
[2026-06-29 21:54:34] [INFO] 📊 加载窗口数据: 304 个窗口
[2026-06-29 21:54:34] [INFO] 📊 B1 子集: 51 个窗口
[2026-06-29 21:54:34] [INFO] 📊 B2 子集: 51 个窗口
[2026-06-29 21:54:34] [INFO] 📁 B1 缓存文件: llog\cs2\rl.pkl
[2026-06-29 21:54:34] [INFO] 📁 B2 缓存文件: llog\cs2\r2.pkl
[2026-06-29 21:54:34] [INFO] ⚡ 并行线程数: 16
[2026-06-29 21:54:34] [INFO] ======================================================================
[2026-06-29 21:54:34] [INFO] 🚀 独立缓存补全工具
[2026-06-29 21:54:34] [INFO] 📁 运行目录: llog\cs2
[2026-06-29 21:54:34] [INFO] 📋 策略数: 30
[2026-06-29 21:54:34] [INFO] ⚡ 并行线程: 16
[2026-06-29 21:54:34] [INFO] ======================================================================
[2026-06-29 21:54:34] [INFO] 
======================================================================
[2026-06-29 21:54:34] [INFO] 📦 构建 B1 缓存
[2026-06-29 21:54:34] [INFO] 📁 缓存文件: llog\cs2\rl.pkl
[2026-06-29 21:54:34] [INFO] ======================================================================
[2026-06-29 21:54:34] [INFO]    📂 缓存文件不存在: llog\cs2\rl.pkl，将创建新缓存
[2026-06-29 21:54:34] [INFO]    📊 B1 窗口数: 51
[2026-06-29 21:54:34] [INFO]    📊 总任务: 1530, 已有缓存: 0, 缺失: 1530
[2026-06-29 21:54:34] [INFO]    ⚡ 开始并行计算 1530 个缺失任务（16 线程）...
