[2026-07-01 02:20:50] [INFO] 📂 从指定目录恢复训练: llog/cs2
[2026-07-01 02:20:50] [INFO]    🔧 [修复] config.llog_dir 已同步为: llog/cs2
[2026-07-01 02:20:50] [INFO]    📋 黑名单已启用，过滤技能: progressive_adaptive_combiner
[2026-07-01 02:20:50] [INFO]    📌 窗口级并行线程数: 12 (配置值: 12)
[2026-07-01 02:20:50] [INFO]    ℹ️ [退休机制] 已彻底禁用，策略永远不会被标记为 DEPRECATED/ARCHIVE/DELETE
[2026-07-01 02:20:50] [INFO]    ℹ️ [退休机制] 已彻底禁用，策略永远不会被标记为 DEPRECATED/ARCHIVE/DELETE
[2026-07-01 02:20:50] [INFO]    🧠 RL 模式已启用
[2026-07-01 02:20:50] [INFO]       learning_rate: 0.002
[2026-07-01 02:20:50] [INFO]       temperature: 1.5
[2026-07-01 02:20:50] [INFO]       baseline_decay: 0.9
[2026-07-01 02:20:50] [INFO]       replay_memory_size: 1000
[2026-07-01 02:20:50] [INFO] 
   📋 RL 稳定化参数 (三个手术刀级 Patch):
[2026-07-01 02:20:50] [INFO]       evolution_effect_strength = 0.3 (Patch 1)
[2026-07-01 02:20:50] [INFO]       theta_decay = 0.005 (Patch 2)
[2026-07-01 02:20:50] [INFO]       theta_bias_alpha = 0.15 (Patch 3)
[2026-07-01 02:20:50] [INFO] ======================================================================
[2026-07-01 02:20:50] [INFO] 🚀 SPLS v6 强化学习版（Policy Gradient + Online Learning）
[2026-07-01 02:20:50] [INFO] 📅 2026-07-01 02:20:50
[2026-07-01 02:20:50] [INFO] 📁 运行目录: llog/cs2
[2026-07-01 02:20:50] [INFO] 🔄 训练轮数: 1000
[2026-07-01 02:20:50] [INFO] 📌 主进程 PID: 12652
[2026-07-01 02:20:50] [INFO] 🧠 RL 模式: 启用
[2026-07-01 02:20:50] [INFO]    Patch 1 (Evolution Soft Gate): strength=0.3
[2026-07-01 02:20:50] [INFO]    Patch 2 (Adaptive Decay): base_decay=0.005
[2026-07-01 02:20:50] [INFO]    Patch 3 (θ Bias Injection): alpha=0.15
[2026-07-01 02:20:50] [INFO] ======================================================================
[2026-07-01 02:20:50] [INFO] 
📋 策略池配置:
[2026-07-01 02:20:50] [INFO]    min: 3
[2026-07-01 02:20:50] [INFO]    target: 28
[2026-07-01 02:20:50] [INFO]    soft_max: 30
[2026-07-01 02:20:50] [INFO]    hard_max: 30
[2026-07-01 02:20:50] [INFO] 
📋 训练配置:
[2026-07-01 02:20:50] [INFO]    轮数: 1000
[2026-07-01 02:20:50] [INFO]    自动优化: True
[2026-07-01 02:20:50] [INFO] 
📋 数据划分配置:
[2026-07-01 02:20:50] [INFO]    第一轮归纳比例: 0.5
[2026-07-01 02:20:50] [INFO]    B部分比例: 0.5
[2026-07-01 02:20:50] [INFO]    B子集数: 2
[2026-07-01 02:20:50] [INFO]    B子集顺序: [0, 1]
[2026-07-01 02:20:50] [INFO]    测试模式: custom
[2026-07-01 02:20:50] [INFO] 
📋 事后补丁配置:
[2026-07-01 02:20:50] [INFO]    启用: True
[2026-07-01 02:20:50] [INFO]    MASE阈值: 1.0
[2026-07-01 02:20:50] [INFO]    提升阈值: 1%
[2026-07-01 02:20:50] [INFO] 
📋 并行配置:
[2026-07-01 02:20:50] [INFO]    测试并行: True
[2026-07-01 02:20:50] [INFO]    测试线程数: 24
[2026-07-01 02:20:50] [INFO] 
======================================================================
[2026-07-01 02:20:50] [INFO] 📊 处理数据集: melbourne_temp
[2026-07-01 02:20:50] [INFO] ======================================================================
[2026-07-01 02:20:50] [INFO] 📁 加载已有数据: storage/autotune_results\collected_windows.csv (304 个窗口)
[2026-07-01 02:20:51] [INFO] ✅ 窗口完整 (304 个)
[2026-07-01 02:20:51] [INFO] 📁 采集结果已保存: storage/autotune_results\collected_windows.csv
[2026-07-01 02:20:51] [INFO] 📋 数据划分配置:
[2026-07-01 02:20:51] [INFO]    第一轮归纳比例 (A): 0.50
[2026-07-01 02:20:51] [INFO]    B部分比例: 0.50
[2026-07-01 02:20:51] [INFO]    B子集数: 2
[2026-07-01 02:20:51] [INFO]    演化使用B子集索引: [0, 1] (0-based)
[2026-07-01 02:20:51] [INFO] 📊 A部分 (归纳): 152 个窗口 (索引 0~151)
[2026-07-01 02:20:51] [INFO] 📊 B部分 (演化): 152 个窗口 (索引 152~303)
[2026-07-01 02:20:51] [INFO]    B1: 76 个窗口 (索引 152~227)
[2026-07-01 02:20:51] [INFO]    B2: 76 个窗口 (索引 228~303)
[2026-07-01 02:20:51] [INFO]    从B1抽取 25 个窗口作为测试，剩余 51 个
[2026-07-01 02:20:51] [INFO]    从B2抽取 25 个窗口作为测试，剩余 51 个
[2026-07-01 02:20:52] [INFO] 📊 测试集: 50 个窗口 (由各B子集前1/3组成)
[2026-07-01 02:20:52] [INFO]    演化使用 B1 (剩余 51 个窗口)
[2026-07-01 02:20:52] [INFO]    演化使用 B2 (剩余 51 个窗口)
[2026-07-01 02:20:52] [INFO] 📂 加载检查点: 已完成 37 轮
[2026-07-01 02:20:52] [INFO]    B子集索引: 0
[2026-07-01 02:20:52] [INFO]    PolicyGraph: 4 个簇
[2026-07-01 02:20:52] [INFO]    ✅ A部分评估已完成 (跳过重复评估)
[2026-07-01 02:20:52] [INFO]    🔄 [子阶段状态] 第 38 轮: reinduction_done=True, cache_built=True, rl_training_pending=True
[2026-07-01 02:20:52] [INFO] 📋 从检查点加载策略: 82 条
[2026-07-01 02:20:52] [INFO] 📊 加载 PolicyGraph: 4 个簇
[2026-07-01 02:20:52] [INFO] 
[2026-07-01 02:20:52] [INFO] ████████████████████████████████████████████████████████████████████████████████
[2026-07-01 02:20:52] [INFO] █  📊 策略簇分配完成
[2026-07-01 02:20:52] [INFO] █  ────────────────────────────────────────────────────
[2026-07-01 02:20:52] [INFO] █  总策略数: 82
[2026-07-01 02:20:52] [INFO] █  总簇数:   4
[2026-07-01 02:20:52] [INFO] █  未分配策略: 0 条
[2026-07-01 02:20:52] [INFO] ████████████████████████████████████████████████████████████████████████████████
[2026-07-01 02:20:52] [INFO] 
[2026-07-01 02:20:52] [INFO] 💾 检查点已更新（簇分配已持久化）
[2026-07-01 02:20:52] [INFO]    ⚠️ [恢复模式] skip_incremental_cache_for_recovery=True，将跳过增量缓存构建，直接进入 RL 训练
[2026-07-01 02:20:52] [INFO] 
══════════════════════════════════════════════════════════════════════
[2026-07-01 02:20:52] [INFO]   🔄 从第 38 轮继续训练（共 1000 轮）
[2026-07-01 02:20:52] [INFO]   📋 策略池当前规模: 82 条策略
[2026-07-01 02:20:52] [INFO]   📦 缓存构建线程数: 12
[2026-07-01 02:20:52] [INFO]   ⚠️ 增量缓存构建已禁用（恢复模式）
[2026-07-01 02:20:52] [INFO] ══════════════════════════════════════════════════════════════════════
[2026-07-01 02:20:52] [INFO]    📦 已为 evolver 设置分布模型
[2026-07-01 02:20:52] [INFO]    📉 第 38 轮学习率: 0.001379 (衰减因子 0.6894)
[2026-07-01 02:20:52] [INFO] 
██████████████████████████████████████████████████████████████████████
[2026-07-01 02:20:52] [INFO] █  📍 阶段 2/3: RL 演化训练（第 38 轮）
[2026-07-01 02:20:52] [INFO] █  ──────────────────────────────────────────────────────────────
[2026-07-01 02:20:52] [INFO] █  📊 B1子集: 51 个窗口
[2026-07-01 02:20:52] [INFO] █  📋 当前策略数: 82 条
[2026-07-01 02:20:52] [INFO] █  📈 训练进度: 38/1000 (4%)
[2026-07-01 02:20:52] [INFO] ███████████████████████████████████████████████████████████████████████
[2026-07-01 02:20:52] [INFO] 
[2026-07-01 02:20:52] [INFO]    ┌─────────────────────────────────────────────────────────────┐
[2026-07-01 02:20:52] [INFO]    │  📌 第 38 轮演化优化 (B1子集, 51 个窗口)                  │
[2026-07-01 02:20:52] [INFO]    └─────────────────────────────────────────────────────────────┘
[2026-07-01 02:20:52] [INFO]    🔄 [子阶段恢复] 第 38 轮 Re-Induction 已完成
[2026-07-01 02:20:52] [INFO]    🔄 [子阶段恢复] 第 38 轮缓存已构建，直接执行 RL 训练
[2026-07-01 02:20:52] [INFO]    📂 加载已有 RL 缓存: llog/cs2\rl_cache_b1.pkl
[2026-07-01 02:20:52] [INFO]    ⏭️ [子阶段恢复] 跳过 Re-Induction（缓存已构建或已跳过）
[2026-07-01 02:20:52] [INFO]    ⏭️ [恢复模式] 跳过缓存完整性检查（缓存已跳过构建）
[2026-07-01 02:20:52] [INFO] 
[2026-07-01 02:20:52] [INFO]    ┌─────────────────────────────────────────────────────────────┐
[2026-07-01 02:20:52] [INFO]    │  📍 子阶段 B: RL 在线训练（B1子集，51 个窗口） │
[2026-07-01 02:20:52] [INFO]    │  ⚡ 铁定执行，无论是否触发 Re-Induction                   │
[2026-07-01 02:20:52] [INFO]    └─────────────────────────────────────────────────────────────┘
[2026-07-01 02:20:52] [INFO]    🔍 [step_with_gt] 开始处理窗口, horizon=12, len(gt)=12
[2026-07-01 02:20:52] [INFO]    🎯 分布 Top-3: [9cd9b2:0.017, 366289:0.017, 621517:0.017] | 采样: 02116248 (利用)
[2026-07-01 02:23:01] [INFO]    🔍 [step_with_gt] step() 完成, prediction 长度=12
[2026-07-01 02:23:01] [INFO]    🔍 [step_with_gt] MASE=0.849230
[2026-07-01 02:23:01] [INFO]    🔍 [step_with_gt] reward=-0.8242 (裁剪后)
[2026-07-01 02:23:01] [INFO]    🔍 [step_with_gt] 执行 RL 更新...
[2026-07-01 02:23:01] [INFO]       🔍 [_rl_update] 开始 RL 更新 #1
[2026-07-01 02:23:01] [INFO]       🔍 [_rl_update] baseline=0.0000, advantage=-0.8242 (裁剪后)
[2026-07-01 02:23:01] [INFO]       🔍 [_rl_update] baseline 更新: 0.0000 -> -0.8242
[2026-07-01 02:23:01] [INFO]       🔍 [_rl_update] regime={'volatility': 0, 'seasonality': 0, 'trend': 0, 'stationary': 0, 'long_sequence': 1}, base_lr=0.00160, lr_multiplier=2.0, effective_lr=0.00320
[2026-07-01 02:23:01] [INFO]       🔍 [_rl_update] sampled_policy=02116248, is_exploration=False
[2026-07-01 02:23:01] [INFO]       🔍 [_rl_update] old_theta=0.0000
[2026-07-01 02:23:01] [INFO]       🔍 [_rl_update] new_theta=-0.0026
[2026-07-01 02:23:01] [INFO]       🔍 [_rl_update] 经验已存储, replay_memory 大小=1
[2026-07-01 02:23:01] [INFO] 
[2026-07-01 02:23:01] [INFO]    ┌─── 📊 RL Step #1 (窗口 1) ───
[2026-07-01 02:23:01] [INFO]    │  📌 Regime: long_sequence=1 | 熵: 4.3391
[2026-07-01 02:23:01] [INFO]    │  🎯 分布 Top-3: 9cd9b2:θ=0.000,p=0.017, 366289:θ=0.000,p=0.017, 621517:θ=0.000,p=0.017
[2026-07-01 02:23:01] [INFO]    │  🎲 采样: 02116248 (利用) | θ_old=0.0000 → θ_new=-0.0026 | lr=0.00320
[2026-07-01 02:23:01] [INFO]    │  📈 预测 MASE: 0.849230
[2026-07-01 02:23:01] [INFO]    │  💰 Reward: -0.8242 (error=-0.8492, stability=-0.0000)
[2026-07-01 02:23:01] [INFO]    │  📉 Advantage: -0.8242 (reward - baseline=0.0000)
[2026-07-01 02:23:01] [INFO]    │  📊 Baseline: 0.0000 → -0.8242
[2026-07-01 02:23:01] [INFO]    └───
[2026-07-01 02:23:01] [INFO]       ✅ [_rl_update] RL 更新完成, avg_mase=0.849230
[2026-07-01 02:23:01] [INFO]    🔍 [step_with_gt] RL 更新完成
[2026-07-01 02:23:01] [INFO]    🔍 [step_with_gt] 策略更新完成
[2026-07-01 02:23:01] [INFO]    ✅ [step_with_gt] 窗口处理完成, MASE=0.849230
[2026-07-01 02:23:01] [INFO]    🔍 [step_with_gt] 开始处理窗口, horizon=12, len(gt)=12
[2026-07-01 02:23:01] [INFO]    🎯 分布 Top-3: [366289:0.017, 4f156c:0.017, d19454:0.016] | 采样: 9b6a2466 (利用)
[2026-07-01 02:23:01] [INFO]    ✅ 缓存命中: policy=policy_0, window=_temp_window_179.pkl, MASE=0.5454
[2026-07-01 02:23:01] [INFO]    🔍 [step_with_gt] step() 完成, prediction 长度=12
[2026-07-01 02:23:01] [INFO]    🔍 [step_with_gt] 使用缓存 MASE=0.545449
[2026-07-01 02:23:01] [INFO]    🔍 [step_with_gt] reward=-0.5204 (裁剪后)
[2026-07-01 02:23:01] [INFO]    🔍 [step_with_gt] 执行 RL 更新...
[2026-07-01 02:23:01] [INFO]       🔍 [_rl_update] 开始 RL 更新 #2
[2026-07-01 02:23:01] [INFO]       🔍 [_rl_update] baseline=-0.8242, advantage=0.3038 (裁剪后)
[2026-07-01 02:23:01] [INFO]       🔍 [_rl_update] baseline 更新: -0.8242 -> -0.7939
[2026-07-01 02:23:01] [INFO]       🔍 [_rl_update] regime={'volatility': 0, 'seasonality': 0, 'trend': 0, 'stationary': 0, 'long_sequence': 1}, base_lr=0.00160, lr_multiplier=2.0, effective_lr=0.00320
[2026-07-01 02:23:01] [INFO]       🔍 [_rl_update] sampled_policy=9b6a2466, is_exploration=False
[2026-07-01 02:23:01] [INFO]       🔍 [_rl_update] old_theta=0.0000
[2026-07-01 02:23:01] [INFO]       🔍 [_rl_update] new_theta=0.0010
[2026-07-01 02:23:01] [INFO]       🔍 [_rl_update] 经验已存储, replay_memory 大小=2
[2026-07-01 02:23:01] [INFO] 
[2026-07-01 02:23:01] [INFO]    ┌─── 📊 RL Step #2 (窗口 2) ───
[2026-07-01 02:23:01] [INFO]    │  📌 Regime: long_sequence=1 | 熵: 4.3402
[2026-07-01 02:23:01] [INFO]    │  🎯 分布 Top-3: 366289:θ=0.000,p=0.017, 4f156c:θ=0.000,p=0.017, d19454:θ=0.000,p=0.016
[2026-07-01 02:23:01] [INFO]    │  🎲 采样: 9b6a2466 (利用) | θ_old=0.0000 → θ_new=0.0010 | lr=0.00320
[2026-07-01 02:23:01] [INFO]    │  📈 预测 MASE: 0.545449
[2026-07-01 02:23:01] [INFO]    │  💰 Reward: -0.5204 (error=-0.5454, stability=-0.0000)
[2026-07-01 02:23:01] [INFO]    │  📉 Advantage: 0.3038 (reward - baseline=-0.8242)
[2026-07-01 02:23:01] [INFO]    │  📊 Baseline: -0.8242 → -0.7939
[2026-07-01 02:23:01] [INFO]    └───
[2026-07-01 02:23:01] [INFO]       ✅ [_rl_update] RL 更新完成, avg_mase=0.697340
[2026-07-01 02:23:01] [INFO]    🔍 [step_with_gt] RL 更新完成
[2026-07-01 02:23:01] [INFO]    🔍 [step_with_gt] 策略更新完成
[2026-07-01 02:23:01] [INFO]    ✅ [step_with_gt] 窗口处理完成, MASE=0.545449
[2026-07-01 02:23:01] [INFO]    🔍 [step_with_gt] 开始处理窗口, horizon=12, len(gt)=12
[2026-07-01 02:23:01] [INFO]    🎯 分布 Top-3: [9cd9b2:0.017, 366289:0.017, 621517:0.017] | 采样: 265649bc (利用)
[2026-07-01 02:25:49] [INFO]    🔍 [step_with_gt] step() 完成, prediction 长度=12
[2026-07-01 02:25:49] [INFO]    🔍 [step_with_gt] MASE=0.792392
[2026-07-01 02:25:49] [INFO]    🔍 [step_with_gt] reward=-0.7674 (裁剪后)
[2026-07-01 02:25:49] [INFO]    🔍 [step_with_gt] 执行 RL 更新...
[2026-07-01 02:25:49] [INFO]       🔍 [_rl_update] 开始 RL 更新 #3
[2026-07-01 02:25:49] [INFO]       🔍 [_rl_update] baseline=-0.7939, advantage=0.0265 (裁剪后)
[2026-07-01 02:25:49] [INFO]       🔍 [_rl_update] baseline 更新: -0.7939 -> -0.7912
[2026-07-01 02:25:49] [INFO]       🔍 [_rl_update] regime={'volatility': 0, 'seasonality': 0, 'trend': 0, 'stationary': 0, 'long_sequence': 1}, base_lr=0.00160, lr_multiplier=2.0, effective_lr=0.00320
[2026-07-01 02:25:49] [INFO]       🔍 [_rl_update] sampled_policy=265649bc, is_exploration=False
[2026-07-01 02:25:49] [INFO]       🔍 [_rl_update] old_theta=0.0000
[2026-07-01 02:25:49] [INFO]       🔍 [_rl_update] new_theta=0.0001
[2026-07-01 02:25:49] [INFO]       🔍 [_rl_update] 经验已存储, replay_memory 大小=3
[2026-07-01 02:25:49] [INFO] 
[2026-07-01 02:25:49] [INFO]    ┌─── 📊 RL Step #3 (窗口 3) ───
[2026-07-01 02:25:49] [INFO]    │  📌 Regime: long_sequence=1 | 熵: 4.3390
[2026-07-01 02:25:49] [INFO]    │  🎯 分布 Top-3: 9cd9b2:θ=0.000,p=0.017, 366289:θ=0.000,p=0.017, 621517:θ=0.000,p=0.017
[2026-07-01 02:25:49] [INFO]    │  🎲 采样: 265649bc (利用) | θ_old=0.0000 → θ_new=0.0001 | lr=0.00320
[2026-07-01 02:25:49] [INFO]    │  📈 预测 MASE: 0.792392
[2026-07-01 02:25:49] [INFO]    │  💰 Reward: -0.7674 (error=-0.7924, stability=-0.0000)
[2026-07-01 02:25:49] [INFO]    │  📉 Advantage: 0.0265 (reward - baseline=-0.7939)
[2026-07-01 02:25:49] [INFO]    │  📊 Baseline: -0.7939 → -0.7912
[2026-07-01 02:25:49] [INFO]    └───
[2026-07-01 02:25:49] [INFO]       ✅ [_rl_update] RL 更新完成, avg_mase=0.729024
[2026-07-01 02:25:50] [INFO]    🔍 [step_with_gt] RL 更新完成
[2026-07-01 02:25:50] [INFO]    🔍 [step_with_gt] 策略更新完成
[2026-07-01 02:25:50] [INFO]    ✅ [step_with_gt] 窗口处理完成, MASE=0.792392
[2026-07-01 02:25:50] [INFO]    🔍 [step_with_gt] 开始处理窗口, horizon=12, len(gt)=12
[2026-07-01 02:25:50] [INFO]    🎯 分布 Top-3: [366289:0.017, 4f156c:0.017, 7f5def:0.016] | 采样: 9f5245fe (利用)
[2026-07-01 02:28:32] [INFO]    🔍 [step_with_gt] step() 完成, prediction 长度=12
[2026-07-01 02:28:32] [INFO]    🔍 [step_with_gt] MASE=0.628959
[2026-07-01 02:28:32] [INFO]    🔍 [step_with_gt] reward=-0.6040 (裁剪后)
[2026-07-01 02:28:32] [INFO]    🔍 [step_with_gt] 执行 RL 更新...
[2026-07-01 02:28:32] [INFO]       🔍 [_rl_update] 开始 RL 更新 #4
[2026-07-01 02:28:32] [INFO]       🔍 [_rl_update] baseline=-0.7912, advantage=0.1872 (裁剪后)
[2026-07-01 02:28:32] [INFO]       🔍 [_rl_update] baseline 更新: -0.7912 -> -0.7725
[2026-07-01 02:28:32] [INFO]       🔍 [_rl_update] regime={'volatility': 0, 'seasonality': 0, 'trend': 0, 'stationary': 0, 'long_sequence': 1}, base_lr=0.00160, lr_multiplier=2.0, effective_lr=0.00320
[2026-07-01 02:28:32] [INFO]       🔍 [_rl_update] sampled_policy=9f5245fe, is_exploration=False
[2026-07-01 02:28:32] [INFO]       🔍 [_rl_update] old_theta=0.0000
[2026-07-01 02:28:32] [INFO]       🔍 [_rl_update] new_theta=0.0006
[2026-07-01 02:28:32] [INFO]       🔍 [_rl_update] 经验已存储, replay_memory 大小=4
[2026-07-01 02:28:32] [INFO] 
[2026-07-01 02:28:32] [INFO]    ┌─── 📊 RL Step #4 (窗口 4) ───
[2026-07-01 02:28:32] [INFO]    │  📌 Regime: long_sequence=1 | 熵: 4.3398
[2026-07-01 02:28:32] [INFO]    │  🎯 分布 Top-3: 366289:θ=0.000,p=0.017, 4f156c:θ=0.000,p=0.017, 7f5def:θ=0.000,p=0.016
[2026-07-01 02:28:32] [INFO]    │  🎲 采样: 9f5245fe (利用) | θ_old=0.0000 → θ_new=0.0006 | lr=0.00320
[2026-07-01 02:28:32] [INFO]    │  📈 预测 MASE: 0.628959
[2026-07-01 02:28:32] [INFO]    │  💰 Reward: -0.6040 (error=-0.6290, stability=-0.0000)
[2026-07-01 02:28:32] [INFO]    │  📉 Advantage: 0.1872 (reward - baseline=-0.7912)
[2026-07-01 02:28:32] [INFO]    │  📊 Baseline: -0.7912 → -0.7725
[2026-07-01 02:28:32] [INFO]    └───
[2026-07-01 02:28:32] [INFO]       ✅ [_rl_update] RL 更新完成, avg_mase=0.704008
[2026-07-01 02:28:32] [INFO]    🔍 [step_with_gt] RL 更新完成
[2026-07-01 02:28:32] [INFO]    🔍 [step_with_gt] 策略更新完成
[2026-07-01 02:28:32] [INFO]    ✅ [step_with_gt] 窗口处理完成, MASE=0.628959
[2026-07-01 02:28:32] [INFO]    🔍 [step_with_gt] 开始处理窗口, horizon=12, len(gt)=12
[2026-07-01 02:28:32] [INFO]    🎯 分布 Top-3: [9cd9b2:0.017, 366289:0.017, 621517:0.017] | 采样: 7047f406 (利用)
[2026-07-01 02:28:38] [INFO]    🔍 [step_with_gt] step() 完成, prediction 长度=12
[2026-07-01 02:28:38] [INFO]    🔍 [step_with_gt] MASE=0.817362
[2026-07-01 02:28:38] [INFO]    🔍 [step_with_gt] reward=-0.7924 (裁剪后)
[2026-07-01 02:28:38] [INFO]    🔍 [step_with_gt] 执行 RL 更新...
[2026-07-01 02:28:38] [INFO]       🔍 [_rl_update] 开始 RL 更新 #5
[2026-07-01 02:28:38] [INFO]       🔍 [_rl_update] baseline=-0.7725, advantage=-0.0199 (裁剪后)
[2026-07-01 02:28:38] [INFO]       🔍 [_rl_update] baseline 更新: -0.7725 -> -0.7745
[2026-07-01 02:28:38] [INFO]       🔍 [_rl_update] regime={'volatility': 0, 'seasonality': 0, 'trend': 0, 'stationary': 0, 'long_sequence': 1}, base_lr=0.00160, lr_multiplier=2.0, effective_lr=0.00320
[2026-07-01 02:28:38] [INFO]       🔍 [_rl_update] sampled_policy=7047f406, is_exploration=False
[2026-07-01 02:28:38] [INFO]       🔍 [_rl_update] old_theta=0.0000
[2026-07-01 02:28:38] [INFO]       🔍 [_rl_update] new_theta=-0.0001
[2026-07-01 02:28:38] [INFO]       🔍 [_rl_update] 经验已存储, replay_memory 大小=5
[2026-07-01 02:28:38] [INFO] 
[2026-07-01 02:28:38] [INFO]    ┌─── 📊 RL Step #5 (窗口 5) ───
[2026-07-01 02:28:38] [INFO]    │  📌 Regime: long_sequence=1 | 熵: 4.3390
[2026-07-01 02:28:38] [INFO]    │  🎯 分布 Top-3: 9cd9b2:θ=0.000,p=0.017, 366289:θ=0.000,p=0.017, 621517:θ=0.000,p=0.017
[2026-07-01 02:28:38] [INFO]    │  🎲 采样: 7047f406 (利用) | θ_old=0.0000 → θ_new=-0.0001 | lr=0.00320
[2026-07-01 02:28:38] [INFO]    │  📈 预测 MASE: 0.817362
[2026-07-01 02:28:38] [INFO]    │  💰 Reward: -0.7924 (error=-0.8174, stability=-0.0000)
[2026-07-01 02:28:38] [INFO]    │  📉 Advantage: -0.0199 (reward - baseline=-0.7725)
[2026-07-01 02:28:38] [INFO]    │  📊 Baseline: -0.7725 → -0.7745
[2026-07-01 02:28:38] [INFO]    └───
[2026-07-01 02:28:38] [INFO]       ✅ [_rl_update] RL 更新完成, avg_mase=0.726678
[2026-07-01 02:28:38] [INFO]    🔍 [step_with_gt] RL 更新完成
[2026-07-01 02:28:38] [INFO]    🔍 [step_with_gt] 策略更新完成
[2026-07-01 02:28:38] [INFO]    ✅ [step_with_gt] 窗口处理完成, MASE=0.817362
[2026-07-01 02:28:38] [INFO]    🔍 [step_with_gt] 开始处理窗口, horizon=12, len(gt)=12
[2026-07-01 02:28:38] [INFO]    🎯 分布 Top-3: [9cd9b2:0.017, 366289:0.017, 621517:0.017] | 采样: a5faab0b (利用)
[2026-07-01 02:31:29] [INFO]    🔍 [step_with_gt] step() 完成, prediction 长度=12
[2026-07-01 02:31:29] [INFO]    🔍 [step_with_gt] MASE=0.706152
[2026-07-01 02:31:29] [INFO]    🔍 [step_with_gt] reward=-0.6812 (裁剪后)
[2026-07-01 02:31:29] [INFO]    🔍 [step_with_gt] 执行 RL 更新...
[2026-07-01 02:31:29] [INFO]       🔍 [_rl_update] 开始 RL 更新 #6
[2026-07-01 02:31:29] [INFO]       🔍 [_rl_update] baseline=-0.7745, advantage=0.0933 (裁剪后)
[2026-07-01 02:31:29] [INFO]       🔍 [_rl_update] baseline 更新: -0.7745 -> -0.7651
[2026-07-01 02:31:29] [INFO]       🔍 [_rl_update] regime={'volatility': 0, 'seasonality': 0, 'trend': 0, 'stationary': 0, 'long_sequence': 1}, base_lr=0.00160, lr_multiplier=2.0, effective_lr=0.00320
[2026-07-01 02:31:29] [INFO]       🔍 [_rl_update] sampled_policy=a5faab0b, is_exploration=False
[2026-07-01 02:31:29] [INFO]       🔍 [_rl_update] old_theta=0.0000
[2026-07-01 02:31:29] [INFO]       🔍 [_rl_update] new_theta=0.0003
[2026-07-01 02:31:29] [INFO]       🔍 [_rl_update] 经验已存储, replay_memory 大小=6
[2026-07-01 02:31:29] [INFO] 
[2026-07-01 02:31:29] [INFO]    ┌─── 📊 RL Step #6 (窗口 6) ───
[2026-07-01 02:31:29] [INFO]    │  📌 Regime: long_sequence=1 | 熵: 4.3385
[2026-07-01 02:31:29] [INFO]    │  🎯 分布 Top-3: 9cd9b2:θ=0.000,p=0.017, 366289:θ=0.000,p=0.017, 621517:θ=0.000,p=0.017
[2026-07-01 02:31:29] [INFO]    │  🎲 采样: a5faab0b (利用) | θ_old=0.0000 → θ_new=0.0003 | lr=0.00320
[2026-07-01 02:31:29] [INFO]    │  📈 预测 MASE: 0.706152
[2026-07-01 02:31:29] [INFO]    │  💰 Reward: -0.6812 (error=-0.7062, stability=-0.0000)
[2026-07-01 02:31:29] [INFO]    │  📉 Advantage: 0.0933 (reward - baseline=-0.7745)
[2026-07-01 02:31:29] [INFO]    │  📊 Baseline: -0.7745 → -0.7651
[2026-07-01 02:31:29] [INFO]    └───
[2026-07-01 02:31:29] [INFO]       ✅ [_rl_update] RL 更新完成, avg_mase=0.723257
[2026-07-01 02:31:29] [INFO]    🔍 [step_with_gt] RL 更新完成
[2026-07-01 02:31:29] [INFO]    🔍 [step_with_gt] 策略更新完成
[2026-07-01 02:31:29] [INFO]    ✅ [step_with_gt] 窗口处理完成, MASE=0.706152
[2026-07-01 02:31:29] [INFO]    🔍 [step_with_gt] 开始处理窗口, horizon=12, len(gt)=12
[2026-07-01 02:31:29] [INFO]    🎯 分布 Top-3: [89e08c:0.017, 9cd9b2:0.017, 366289:0.017] | 采样: 8895c859 (利用)
[2026-07-01 02:31:36] [INFO]    🔍 [step_with_gt] step() 完成, prediction 长度=12
[2026-07-01 02:31:36] [INFO]    🔍 [step_with_gt] MASE=1.035083
[2026-07-01 02:31:36] [INFO]    🔍 [step_with_gt] reward=-1.0101 (裁剪后)
[2026-07-01 02:31:36] [INFO]    🔍 [step_with_gt] 执行 RL 更新...
[2026-07-01 02:31:36] [INFO]       🔍 [_rl_update] 开始 RL 更新 #7
[2026-07-01 02:31:36] [INFO]       🔍 [_rl_update] baseline=-0.7651, advantage=-0.2449 (裁剪后)
[2026-07-01 02:31:36] [INFO]       🔍 [_rl_update] baseline 更新: -0.7651 -> -0.7896
[2026-07-01 02:31:36] [INFO]       🔍 [_rl_update] regime={'volatility': 0, 'seasonality': 0, 'trend': 0, 'stationary': 0, 'long_sequence': 1}, base_lr=0.00160, lr_multiplier=2.0, effective_lr=0.00320
[2026-07-01 02:31:36] [INFO]       🔍 [_rl_update] sampled_policy=8895c859, is_exploration=False
[2026-07-01 02:31:36] [INFO]       🔍 [_rl_update] old_theta=0.0000
[2026-07-01 02:31:36] [INFO]       🔍 [_rl_update] new_theta=-0.0008
[2026-07-01 02:31:36] [INFO]       🔍 [_rl_update] 经验已存储, replay_memory 大小=7
[2026-07-01 02:31:36] [INFO] 
[2026-07-01 02:31:36] [INFO]    ┌─── 📊 RL Step #7 (窗口 7) ───
[2026-07-01 02:31:36] [INFO]    │  📌 Regime: long_sequence=1 | 熵: 4.3384
[2026-07-01 02:31:36] [INFO]    │  🎯 分布 Top-3: 89e08c:θ=0.000,p=0.017, 9cd9b2:θ=0.000,p=0.017, 366289:θ=0.000,p=0.017
[2026-07-01 02:31:36] [INFO]    │  🎲 采样: 8895c859 (利用) | θ_old=0.0000 → θ_new=-0.0008 | lr=0.00320
[2026-07-01 02:31:36] [INFO]    │  📈 预测 MASE: 1.035083
[2026-07-01 02:31:36] [INFO]    │  💰 Reward: -1.0101 (error=-1.0351, stability=-0.0000)
[2026-07-01 02:31:36] [INFO]    │  📉 Advantage: -0.2449 (reward - baseline=-0.7651)
[2026-07-01 02:31:36] [INFO]    │  📊 Baseline: -0.7651 → -0.7896
[2026-07-01 02:31:36] [INFO]    └───
[2026-07-01 02:31:36] [INFO]       ✅ [_rl_update] RL 更新完成, avg_mase=0.767804
[2026-07-01 02:31:36] [INFO]       ⭐ 晋升 TRIAL → ACTIVE: reind_8895 (MASE=0.6981, selection_count=5)
[2026-07-01 02:31:36] [INFO]       ⭐ 晋升 1 条策略为 ACTIVE: ['reind_8895']
[2026-07-01 02:31:36] [INFO]    🔍 [step_with_gt] RL 更新完成
[2026-07-01 02:31:36] [INFO]    🔍 [step_with_gt] 策略更新完成
[2026-07-01 02:31:36] [INFO]    ✅ [step_with_gt] 窗口处理完成, MASE=1.035083
[2026-07-01 02:31:36] [INFO]    🔍 [step_with_gt] 开始处理窗口, horizon=12, len(gt)=12
[2026-07-01 02:31:36] [INFO]    🎯 分布 Top-3: [89e08c:0.017, 9cd9b2:0.017, 366289:0.017] | 采样: eeced638 (利用)
[2026-07-01 02:33:43] [INFO]    🔍 [step_with_gt] step() 完成, prediction 长度=12
[2026-07-01 02:33:43] [INFO]    🔍 [step_with_gt] MASE=0.850553
[2026-07-01 02:33:43] [INFO]    🔍 [step_with_gt] reward=-0.8256 (裁剪后)
[2026-07-01 02:33:43] [INFO]    🔍 [step_with_gt] 执行 RL 更新...
[2026-07-01 02:33:43] [INFO]       🔍 [_rl_update] 开始 RL 更新 #8
[2026-07-01 02:33:43] [INFO]       🔍 [_rl_update] baseline=-0.7896, advantage=-0.0359 (裁剪后)
[2026-07-01 02:33:43] [INFO]       🔍 [_rl_update] baseline 更新: -0.7896 -> -0.7932
[2026-07-01 02:33:43] [INFO]       🔍 [_rl_update] regime={'volatility': 0, 'seasonality': 0, 'trend': 0, 'stationary': 0, 'long_sequence': 1}, base_lr=0.00160, lr_multiplier=2.0, effective_lr=0.00320
[2026-07-01 02:33:43] [INFO]       🔍 [_rl_update] sampled_policy=eeced638, is_exploration=False
[2026-07-01 02:33:43] [INFO]       🔍 [_rl_update] old_theta=0.0000
[2026-07-01 02:33:43] [INFO]       🔍 [_rl_update] new_theta=-0.0001
[2026-07-01 02:33:43] [INFO]       🔍 [_rl_update] 经验已存储, replay_memory 大小=8
[2026-07-01 02:33:43] [INFO] 
[2026-07-01 02:33:43] [INFO]    ┌─── 📊 RL Step #8 (窗口 8) ───
[2026-07-01 02:33:43] [INFO]    │  📌 Regime: long_sequence=1 | 熵: 4.3384
[2026-07-01 02:33:43] [INFO]    │  🎯 分布 Top-3: 89e08c:θ=0.000,p=0.017, 9cd9b2:θ=0.000,p=0.017, 366289:θ=0.000,p=0.017
[2026-07-01 02:33:43] [INFO]    │  🎲 采样: eeced638 (利用) | θ_old=0.0000 → θ_new=-0.0001 | lr=0.00320
[2026-07-01 02:33:43] [INFO]    │  📈 预测 MASE: 0.850553
[2026-07-01 02:33:43] [INFO]    │  💰 Reward: -0.8256 (error=-0.8506, stability=-0.0000)
[2026-07-01 02:33:43] [INFO]    │  📉 Advantage: -0.0359 (reward - baseline=-0.7896)
[2026-07-01 02:33:43] [INFO]    │  📊 Baseline: -0.7896 → -0.7932
[2026-07-01 02:33:43] [INFO]    └───
[2026-07-01 02:33:43] [INFO]       ✅ [_rl_update] RL 更新完成, avg_mase=0.778147
[2026-07-01 02:33:43] [INFO]    🔍 [step_with_gt] RL 更新完成
[2026-07-01 02:33:43] [INFO]    🔍 [step_with_gt] 策略更新完成
[2026-07-01 02:33:43] [INFO]    ✅ [step_with_gt] 窗口处理完成, MASE=0.850553
[2026-07-01 02:33:43] [INFO]    🔍 [step_with_gt] 开始处理窗口, horizon=12, len(gt)=12
[2026-07-01 02:33:43] [INFO]    🎯 分布 Top-3: [89e08c:0.017, 9cd9b2:0.017, 366289:0.017] | 采样: 3462cfab (利用)
[2026-07-01 02:36:36] [INFO]    🔍 [step_with_gt] step() 完成, prediction 长度=12
[2026-07-01 02:36:36] [INFO]    🔍 [step_with_gt] MASE=1.602232
[2026-07-01 02:36:36] [INFO]    🔍 [step_with_gt] reward=-1.5772 (裁剪后)
[2026-07-01 02:36:36] [INFO]    🔍 [step_with_gt] 执行 RL 更新...
[2026-07-01 02:36:36] [INFO]       🔍 [_rl_update] 开始 RL 更新 #9
[2026-07-01 02:36:36] [INFO]       🔍 [_rl_update] baseline=-0.7932, advantage=-0.7840 (裁剪后)
[2026-07-01 02:36:36] [INFO]       🔍 [_rl_update] baseline 更新: -0.7932 -> -0.8716
[2026-07-01 02:36:36] [INFO]       🔍 [_rl_update] regime={'volatility': 0, 'seasonality': 0, 'trend': 0, 'stationary': 0, 'long_sequence': 1}, base_lr=0.00160, lr_multiplier=2.0, effective_lr=0.00320
[2026-07-01 02:36:36] [INFO]       🔍 [_rl_update] sampled_policy=3462cfab, is_exploration=False
[2026-07-01 02:36:36] [INFO]       🔍 [_rl_update] old_theta=0.0000
[2026-07-01 02:36:36] [INFO]       🔍 [_rl_update] new_theta=-0.0025
[2026-07-01 02:36:36] [INFO]       🔍 [_rl_update] 经验已存储, replay_memory 大小=9
[2026-07-01 02:36:36] [INFO] 
[2026-07-01 02:36:36] [INFO]    ┌─── 📊 RL Step #9 (窗口 9) ───
[2026-07-01 02:36:36] [INFO]    │  📌 Regime: long_sequence=1 | 熵: 4.3384
[2026-07-01 02:36:36] [INFO]    │  🎯 分布 Top-3: 89e08c:θ=0.000,p=0.017, 9cd9b2:θ=0.000,p=0.017, 366289:θ=0.000,p=0.017
[2026-07-01 02:36:36] [INFO]    │  🎲 采样: 3462cfab (利用) | θ_old=0.0000 → θ_new=-0.0025 | lr=0.00320
[2026-07-01 02:36:36] [INFO]    │  📈 预测 MASE: 1.602232
[2026-07-01 02:36:36] [INFO]    │  💰 Reward: -1.5772 (error=-1.6022, stability=-0.0000)
[2026-07-01 02:36:36] [INFO]    │  📉 Advantage: -0.7840 (reward - baseline=-0.7932)
[2026-07-01 02:36:36] [INFO]    │  📊 Baseline: -0.7932 → -0.8716
[2026-07-01 02:36:36] [INFO]    └───
[2026-07-01 02:36:36] [INFO]       ✅ [_rl_update] RL 更新完成, avg_mase=0.869712
[2026-07-01 02:36:36] [INFO]       ⭐ 晋升 TRIAL → ACTIVE: reind_3462 (MASE=0.8076, selection_count=5)
[2026-07-01 02:36:36] [INFO]       ⭐ 晋升 1 条策略为 ACTIVE: ['reind_3462']
[2026-07-01 02:36:36] [INFO]    🔍 [step_with_gt] RL 更新完成
[2026-07-01 02:36:36] [INFO]    🔍 [step_with_gt] 策略更新完成
[2026-07-01 02:36:36] [INFO]    ✅ [step_with_gt] 窗口处理完成, MASE=1.602232
[2026-07-01 02:36:36] [INFO]    🔍 [step_with_gt] 开始处理窗口, horizon=12, len(gt)=12
[2026-07-01 02:36:36] [INFO]    🎯 分布 Top-3: [89e08c:0.017, 9cd9b2:0.017, 366289:0.017] | 采样: 3c42049f (利用)
[2026-07-01 02:38:04] [INFO]    🔍 [step_with_gt] step() 完成, prediction 长度=12
[2026-07-01 02:38:04] [INFO]    🔍 [step_with_gt] MASE=4.331817
[2026-07-01 02:38:04] [INFO]    🔍 [step_with_gt] reward=-4.3068 (裁剪后)
[2026-07-01 02:38:04] [INFO]    🔍 [step_with_gt] 执行 RL 更新...
[2026-07-01 02:38:04] [INFO]       🔍 [_rl_update] 开始 RL 更新 #10
[2026-07-01 02:38:04] [INFO]       🔍 [_rl_update] baseline=-0.8716, advantage=-3.4352 (裁剪后)
[2026-07-01 02:38:04] [INFO]       🔍 [_rl_update] baseline 更新: -0.8716 -> -1.2151
[2026-07-01 02:38:04] [INFO]       🔍 [_rl_update] regime={'volatility': 0, 'seasonality': 0, 'trend': 0, 'stationary': 1, 'long_sequence': 1}, base_lr=0.00160, lr_multiplier=0.5, effective_lr=0.00080
[2026-07-01 02:38:04] [INFO]       🔍 [_rl_update] sampled_policy=3c42049f, is_exploration=False
[2026-07-01 02:38:04] [INFO]       🔍 [_rl_update] old_theta=0.0000
[2026-07-01 02:38:04] [INFO]       🔍 [_rl_update] new_theta=-0.0008
[2026-07-01 02:38:04] [INFO]       🔍 [_rl_update] 经验已存储, replay_memory 大小=10
[2026-07-01 02:38:04] [INFO] 
[2026-07-01 02:38:04] [INFO]    ┌─── 📊 RL Step #10 (窗口 10) ───
[2026-07-01 02:38:04] [INFO]    │  📌 Regime: stationary=1, long_sequence=1 | 熵: 4.3389
[2026-07-01 02:38:04] [INFO]    │  🎯 分布 Top-3: 89e08c:θ=0.000,p=0.017, 9cd9b2:θ=0.000,p=0.017, 366289:θ=0.000,p=0.017
[2026-07-01 02:38:04] [INFO]    │  🎲 采样: 3c42049f (利用) | θ_old=0.0000 → θ_new=-0.0008 | lr=0.00080
[2026-07-01 02:38:04] [INFO]    │  📈 预测 MASE: 4.331817
[2026-07-01 02:38:04] [INFO]    │  💰 Reward: -4.3068 (error=-4.3318, stability=-0.0000)
[2026-07-01 02:38:04] [INFO]    │  📉 Advantage: -3.4352 (reward - baseline=-0.8716)
[2026-07-01 02:38:04] [INFO]    │  📊 Baseline: -0.8716 → -1.2151
[2026-07-01 02:38:04] [INFO]    └───
[2026-07-01 02:38:04] [INFO]       ✅ [_rl_update] RL 更新完成, avg_mase=1.215923
[2026-07-01 02:38:04] [INFO]    🔍 [step_with_gt] RL 更新完成
[2026-07-01 02:38:04] [INFO]    🔍 [step_with_gt] 策略更新完成
[2026-07-01 02:38:04] [INFO]    ✅ [step_with_gt] 窗口处理完成, MASE=4.331817
[2026-07-01 02:38:04] [INFO]    🔍 [step_with_gt] 开始处理窗口, horizon=12, len(gt)=12
[2026-07-01 02:38:04] [INFO]    🎯 分布 Top-3: [10452f:0.017, 89e08c:0.017, 9cd9b2:0.017] | 采样: 89e08cdc (利用)
[2026-07-01 02:38:09] [INFO]    🔍 [step_with_gt] step() 完成, prediction 长度=12
[2026-07-01 02:38:09] [INFO]    🔍 [step_with_gt] MASE=0.896960
[2026-07-01 02:38:09] [INFO]    🔍 [step_with_gt] reward=-0.8720 (裁剪后)
[2026-07-01 02:38:09] [INFO]    🔍 [step_with_gt] 执行 RL 更新...
[2026-07-01 02:38:09] [INFO]       🔍 [_rl_update] 开始 RL 更新 #11
[2026-07-01 02:38:09] [INFO]       🔍 [_rl_update] baseline=-1.2151, advantage=0.3432 (裁剪后)
[2026-07-01 02:38:09] [INFO]       🔍 [_rl_update] baseline 更新: -1.2151 -> -1.1808
[2026-07-01 02:38:09] [INFO]       🔍 [_rl_update] regime={'volatility': 0, 'seasonality': 0, 'trend': 0, 'stationary': 0, 'long_sequence': 1}, base_lr=0.00160, lr_multiplier=2.0, effective_lr=0.00320
[2026-07-01 02:38:09] [INFO]       🔍 [_rl_update] sampled_policy=89e08cdc, is_exploration=False
[2026-07-01 02:38:09] [INFO]       🔍 [_rl_update] old_theta=0.0000
[2026-07-01 02:38:09] [INFO]       🔍 [_rl_update] new_theta=0.0011
[2026-07-01 02:38:09] [INFO]       🔍 [_rl_update] 经验已存储, replay_memory 大小=11
[2026-07-01 02:38:09] [INFO] 
[2026-07-01 02:38:09] [INFO]    ┌─── 📊 RL Step #11 (窗口 11) ───
[2026-07-01 02:38:09] [INFO]    │  📌 Regime: long_sequence=1 | 熵: 4.3381
[2026-07-01 02:38:09] [INFO]    │  🎯 分布 Top-3: 10452f:θ=0.000,p=0.017, 89e08c:θ=0.001,p=0.017, 9cd9b2:θ=0.000,p=0.017
[2026-07-01 02:38:09] [INFO]    │  🎲 采样: 89e08cdc (利用) | θ_old=0.0000 → θ_new=0.0011 | lr=0.00320
[2026-07-01 02:38:09] [INFO]    │  📈 预测 MASE: 0.896960
[2026-07-01 02:38:09] [INFO]    │  💰 Reward: -0.8720 (error=-0.8970, stability=-0.0000)
[2026-07-01 02:38:09] [INFO]    │  📉 Advantage: 0.3432 (reward - baseline=-1.2151)
[2026-07-01 02:38:09] [INFO]    │  📊 Baseline: -1.2151 → -1.1808
[2026-07-01 02:38:09] [INFO]    └───
[2026-07-01 02:38:09] [INFO]       ✅ [_rl_update] RL 更新完成, avg_mase=1.186926
[2026-07-01 02:38:09] [INFO]    🔍 [step_with_gt] RL 更新完成
[2026-07-01 02:38:09] [INFO]    🔍 [step_with_gt] 策略更新完成
[2026-07-01 02:38:09] [INFO]    ✅ [step_with_gt] 窗口处理完成, MASE=0.896960
[2026-07-01 02:38:09] [INFO]    🔍 [step_with_gt] 开始处理窗口, horizon=12, len(gt)=12
[2026-07-01 02:38:09] [INFO]    🎯 分布 Top-3: [10452f:0.017, 89e08c:0.017, a0fcab:0.017] | 采样: 5fe42fd2 (利用)
[2026-07-01 02:40:06] [INFO]    🔍 [step_with_gt] step() 完成, prediction 长度=12
[2026-07-01 02:40:06] [INFO]    🔍 [step_with_gt] MASE=31.712944
[2026-07-01 02:40:06] [INFO]    🔍 [step_with_gt] reward=-10.0000 (裁剪后)
[2026-07-01 02:40:06] [INFO]    🔍 [step_with_gt] 执行 RL 更新...
[2026-07-01 02:40:06] [INFO]       🔍 [_rl_update] 开始 RL 更新 #12
[2026-07-01 02:40:06] [INFO]       🔍 [_rl_update] baseline=-1.1808, advantage=-8.8192 (裁剪后)
[2026-07-01 02:40:06] [INFO]       🔍 [_rl_update] baseline 更新: -1.1808 -> -2.0627
[2026-07-01 02:40:06] [INFO]       🔍 [_rl_update] regime={'volatility': 0, 'seasonality': 0, 'trend': 0, 'stationary': 1, 'long_sequence': 1}, base_lr=0.00160, lr_multiplier=2.0, effective_lr=0.00320
[2026-07-01 02:40:06] [INFO]       🔍 [_rl_update] sampled_policy=5fe42fd2, is_exploration=False
[2026-07-01 02:40:06] [INFO]       🔍 [_rl_update] old_theta=0.0000
[2026-07-01 02:40:06] [INFO]       🔍 [_rl_update] new_theta=-0.0032
[2026-07-01 02:40:06] [INFO]       🔍 [_rl_update] 经验已存储, replay_memory 大小=12
[2026-07-01 02:40:06] [INFO] 
[2026-07-01 02:40:06] [INFO]    ┌─── 📊 RL Step #12 (窗口 12) ───
[2026-07-01 02:40:06] [INFO]    │  📌 Regime: stationary=1, long_sequence=1 | 熵: 4.3379
[2026-07-01 02:40:06] [INFO]    │  🎯 分布 Top-3: 10452f:θ=0.000,p=0.017, 89e08c:θ=0.001,p=0.017, a0fcab:θ=0.000,p=0.017
[2026-07-01 02:40:06] [INFO]    │  🎲 采样: 5fe42fd2 (利用) | θ_old=0.0000 → θ_new=-0.0032 | lr=0.00320
[2026-07-01 02:40:06] [INFO]    │  📈 预测 MASE: 31.712944
[2026-07-01 02:40:06] [INFO]    │  💰 Reward: -10.0000 (error=-31.7129, stability=-0.0000)
[2026-07-01 02:40:06] [INFO]    │  📉 Advantage: -8.8192 (reward - baseline=-1.1808)
[2026-07-01 02:40:06] [INFO]    │  📊 Baseline: -1.1808 → -2.0627
[2026-07-01 02:40:06] [INFO]    └───
[2026-07-01 02:40:06] [INFO]       ✅ [_rl_update] RL 更新完成, avg_mase=3.730761
[2026-07-01 02:40:06] [INFO]    🔍 [step_with_gt] RL 更新完成
[2026-07-01 02:40:06] [INFO]    🔍 [step_with_gt] 策略更新完成
[2026-07-01 02:40:06] [INFO]    ✅ [step_with_gt] 窗口处理完成, MASE=31.712944
[2026-07-01 02:40:06] [INFO]    🔍 [step_with_gt] 开始处理窗口, horizon=12, len(gt)=12
[2026-07-01 02:40:06] [INFO]    🎯 分布 Top-3: [89e08c:0.017, 10452f:0.017, a0fcab:0.017] | 采样: a0fcabaf (利用)
[2026-07-01 02:41:29] [INFO]    🔍 [step_with_gt] step() 完成, prediction 长度=12
[2026-07-01 02:41:29] [INFO]    🔍 [step_with_gt] MASE=1.025822
[2026-07-01 02:41:29] [INFO]    🔍 [step_with_gt] reward=-1.0008 (裁剪后)
[2026-07-01 02:41:29] [INFO]    🔍 [step_with_gt] 执行 RL 更新...
[2026-07-01 02:41:29] [INFO]       🔍 [_rl_update] 开始 RL 更新 #13
[2026-07-01 02:41:29] [INFO]       🔍 [_rl_update] baseline=-2.0627, advantage=1.0619 (裁剪后)
[2026-07-01 02:41:29] [INFO]       🔍 [_rl_update] baseline 更新: -2.0627 -> -1.9566
[2026-07-01 02:41:29] [INFO]       🔍 [_rl_update] regime={'volatility': 0, 'seasonality': 0, 'trend': 0, 'stationary': 1, 'long_sequence': 1}, base_lr=0.00160, lr_multiplier=2.0, effective_lr=0.00320
[2026-07-01 02:41:29] [INFO]       🔍 [_rl_update] sampled_policy=a0fcabaf, is_exploration=False
[2026-07-01 02:41:29] [INFO]       🔍 [_rl_update] old_theta=0.0000
[2026-07-01 02:41:29] [INFO]       🔍 [_rl_update] new_theta=0.0032
[2026-07-01 02:41:29] [INFO]       🔍 [_rl_update] 经验已存储, replay_memory 大小=13
[2026-07-01 02:41:29] [INFO] 
[2026-07-01 02:41:29] [INFO]    ┌─── 📊 RL Step #13 (窗口 13) ───
[2026-07-01 02:41:29] [INFO]    │  📌 Regime: stationary=1, long_sequence=1 | 熵: 4.3376
[2026-07-01 02:41:29] [INFO]    │  🎯 分布 Top-3: 89e08c:θ=0.001,p=0.017, 10452f:θ=0.000,p=0.017, a0fcab:θ=0.003,p=0.017
[2026-07-01 02:41:29] [INFO]    │  🎲 采样: a0fcabaf (利用) | θ_old=0.0000 → θ_new=0.0032 | lr=0.00320
[2026-07-01 02:41:29] [INFO]    │  📈 预测 MASE: 1.025822
[2026-07-01 02:41:29] [INFO]    │  💰 Reward: -1.0008 (error=-1.0258, stability=-0.0000)
[2026-07-01 02:41:29] [INFO]    │  📉 Advantage: 1.0619 (reward - baseline=-2.0627)
[2026-07-01 02:41:29] [INFO]    │  📊 Baseline: -2.0627 → -1.9566
[2026-07-01 02:41:29] [INFO]    └───
[2026-07-01 02:41:29] [INFO]       ✅ [_rl_update] RL 更新完成, avg_mase=3.522689
[2026-07-01 02:41:29] [INFO]    🔍 [step_with_gt] RL 更新完成
[2026-07-01 02:41:29] [INFO]    🔍 [step_with_gt] 策略更新完成
[2026-07-01 02:41:29] [INFO]    ✅ [step_with_gt] 窗口处理完成, MASE=1.025822
[2026-07-01 02:41:29] [INFO]    🔍 [step_with_gt] 开始处理窗口, horizon=12, len(gt)=12
[2026-07-01 02:41:29] [INFO]    🎯 分布 Top-3: [10452f:0.016, 9ab1ea:0.016, a0fcab:0.016] | 采样: 04a7c0e1 (利用)
[2026-07-01 02:41:29] [INFO]    ✅ 缓存命中: policy=reind_04, window=_temp_window_191.pkl, MASE=0.9170
[2026-07-01 02:41:29] [INFO]    🔍 [step_with_gt] step() 完成, prediction 长度=12
[2026-07-01 02:41:29] [INFO]    🔍 [step_with_gt] 使用缓存 MASE=0.917040
[2026-07-01 02:41:29] [INFO]    🔍 [step_with_gt] reward=-0.8920 (裁剪后)
[2026-07-01 02:41:29] [INFO]    🔍 [step_with_gt] 执行 RL 更新...
[2026-07-01 02:41:29] [INFO]       🔍 [_rl_update] 开始 RL 更新 #14
[2026-07-01 02:41:29] [INFO]       🔍 [_rl_update] baseline=-1.9566, advantage=1.0645 (裁剪后)
[2026-07-01 02:41:29] [INFO]       🔍 [_rl_update] baseline 更新: -1.9566 -> -1.8501
[2026-07-01 02:41:29] [INFO]       🔍 [_rl_update] regime={'volatility': 0, 'seasonality': 0, 'trend': 0, 'stationary': 1, 'long_sequence': 1}, base_lr=0.00160, lr_multiplier=2.0, effective_lr=0.00320
[2026-07-01 02:41:29] [INFO]       🔍 [_rl_update] sampled_policy=04a7c0e1, is_exploration=False
[2026-07-01 02:41:29] [INFO]       🔍 [_rl_update] old_theta=0.0000
[2026-07-01 02:41:29] [INFO]       🔍 [_rl_update] new_theta=0.0032
[2026-07-01 02:41:29] [INFO]       🔍 [_rl_update] 经验已存储, replay_memory 大小=14
[2026-07-01 02:41:29] [INFO] 
[2026-07-01 02:41:29] [INFO]    ┌─── 📊 RL Step #14 (窗口 14) ───
[2026-07-01 02:41:29] [INFO]    │  📌 Regime: stationary=1, long_sequence=1 | 熵: 4.3368
[2026-07-01 02:41:29] [INFO]    │  🎯 分布 Top-3: 10452f:θ=0.000,p=0.016, 9ab1ea:θ=0.000,p=0.016, a0fcab:θ=0.003,p=0.016
[2026-07-01 02:41:29] [INFO]    │  🎲 采样: 04a7c0e1 (利用) | θ_old=0.0000 → θ_new=0.0032 | lr=0.00320
[2026-07-01 02:41:29] [INFO]    │  📈 预测 MASE: 0.917040
[2026-07-01 02:41:29] [INFO]    │  💰 Reward: -0.8920 (error=-0.9170, stability=-0.0000)
[2026-07-01 02:41:29] [INFO]    │  📉 Advantage: 1.0645 (reward - baseline=-1.9566)
[2026-07-01 02:41:29] [INFO]    │  📊 Baseline: -1.9566 → -1.8501
[2026-07-01 02:41:29] [INFO]    └───
[2026-07-01 02:41:29] [INFO]       ✅ [_rl_update] RL 更新完成, avg_mase=3.336571
[2026-07-01 02:41:29] [INFO]    🔍 [step_with_gt] RL 更新完成
[2026-07-01 02:41:29] [INFO]    🔍 [step_with_gt] 策略更新完成
[2026-07-01 02:41:29] [INFO]    ✅ [step_with_gt] 窗口处理完成, MASE=0.917040
[2026-07-01 02:41:29] [INFO]    🔍 [step_with_gt] 开始处理窗口, horizon=12, len(gt)=12
[2026-07-01 02:41:29] [INFO]    🎯 分布 Top-3: [89e08c:0.016, 10452f:0.016, 9ab1ea:0.016] | 采样: cd2bc3d4 (利用)
[2026-07-01 02:41:29] [INFO]    ✅ 缓存命中: policy=reind_cd, window=_temp_window_192.pkl, MASE=0.8627
[2026-07-01 02:41:29] [INFO]    🔍 [step_with_gt] step() 完成, prediction 长度=12
[2026-07-01 02:41:29] [INFO]    🔍 [step_with_gt] 使用缓存 MASE=0.862652
[2026-07-01 02:41:29] [INFO]    🔍 [step_with_gt] reward=-0.8377 (裁剪后)
[2026-07-01 02:41:29] [INFO]    🔍 [step_with_gt] 执行 RL 更新...
[2026-07-01 02:41:29] [INFO]       🔍 [_rl_update] 开始 RL 更新 #15
[2026-07-01 02:41:29] [INFO]       🔍 [_rl_update] baseline=-1.8501, advantage=1.0124 (裁剪后)
[2026-07-01 02:41:29] [INFO]       🔍 [_rl_update] baseline 更新: -1.8501 -> -1.7489
[2026-07-01 02:41:29] [INFO]       🔍 [_rl_update] regime={'volatility': 0, 'seasonality': 0, 'trend': 0, 'stationary': 1, 'long_sequence': 1}, base_lr=0.00160, lr_multiplier=2.0, effective_lr=0.00320
[2026-07-01 02:41:29] [INFO]       🔍 [_rl_update] sampled_policy=cd2bc3d4, is_exploration=False
[2026-07-01 02:41:29] [INFO]       🔍 [_rl_update] old_theta=0.0000
[2026-07-01 02:41:29] [INFO]       🔍 [_rl_update] new_theta=0.0032
[2026-07-01 02:41:29] [INFO]       🔍 [_rl_update] 经验已存储, replay_memory 大小=15
[2026-07-01 02:41:29] [INFO] 
[2026-07-01 02:41:29] [INFO]    ┌─── 📊 RL Step #15 (窗口 15) ───
[2026-07-01 02:41:29] [INFO]    │  📌 Regime: stationary=1, long_sequence=1 | 熵: 4.3373
[2026-07-01 02:41:29] [INFO]    │  🎯 分布 Top-3: 89e08c:θ=0.001,p=0.016, 10452f:θ=0.000,p=0.016, 9ab1ea:θ=0.000,p=0.016
[2026-07-01 02:41:29] [INFO]    │  🎲 采样: cd2bc3d4 (利用) | θ_old=0.0000 → θ_new=0.0032 | lr=0.00320
[2026-07-01 02:41:29] [INFO]    │  📈 预测 MASE: 0.862652
[2026-07-01 02:41:29] [INFO]    │  💰 Reward: -0.8377 (error=-0.8627, stability=-0.0000)
[2026-07-01 02:41:29] [INFO]    │  📉 Advantage: 1.0124 (reward - baseline=-1.8501)
[2026-07-01 02:41:29] [INFO]    │  📊 Baseline: -1.8501 → -1.7489
[2026-07-01 02:41:29] [INFO]    └───
[2026-07-01 02:41:29] [INFO]       ✅ [_rl_update] RL 更新完成, avg_mase=3.171643
[2026-07-01 02:41:29] [INFO]    🔍 [step_with_gt] RL 更新完成
[2026-07-01 02:41:29] [INFO]    🔍 [step_with_gt] 策略更新完成
[2026-07-01 02:41:29] [INFO]    ✅ [step_with_gt] 窗口处理完成, MASE=0.862652
[2026-07-01 02:41:29] [INFO]    🔍 [step_with_gt] 开始处理窗口, horizon=12, len(gt)=12
[2026-07-01 02:41:29] [INFO]    🎯 分布 Top-3: [10452f:0.016, a0fcab:0.016, 8231da:0.016] | 采样: 3462cfab (利用)
[2026-07-01 02:42:04] [INFO]    🔍 [step_with_gt] step() 完成, prediction 长度=12
[2026-07-01 02:42:04] [INFO]    🔍 [step_with_gt] MASE=0.550399
[2026-07-01 02:42:04] [INFO]    🔍 [step_with_gt] reward=-0.5254 (裁剪后)
[2026-07-01 02:42:04] [INFO]    🔍 [step_with_gt] 执行 RL 更新...
[2026-07-01 02:42:04] [INFO]       🔍 [_rl_update] 开始 RL 更新 #16
[2026-07-01 02:42:04] [INFO]       🔍 [_rl_update] baseline=-1.7489, advantage=1.2235 (裁剪后)
[2026-07-01 02:42:04] [INFO]       🔍 [_rl_update] baseline 更新: -1.7489 -> -1.6265
[2026-07-01 02:42:04] [INFO]       🔍 [_rl_update] regime={'volatility': 0, 'seasonality': 0, 'trend': 0, 'stationary': 1, 'long_sequence': 1}, base_lr=0.00160, lr_multiplier=0.5, effective_lr=0.00080
[2026-07-01 02:42:04] [INFO]       🔍 [_rl_update] sampled_policy=3462cfab, is_exploration=False
[2026-07-01 02:42:04] [INFO]       🔍 [_rl_update] old_theta=-0.0025
[2026-07-01 02:42:04] [INFO]       🔍 [_rl_update] new_theta=-0.0017
[2026-07-01 02:42:04] [INFO]       🔍 [_rl_update] 经验已存储, replay_memory 大小=16
[2026-07-01 02:42:04] [INFO] 
[2026-07-01 02:42:04] [INFO]    ┌─── 📊 RL Step #16 (窗口 16) ───
[2026-07-01 02:42:04] [INFO]    │  📌 Regime: stationary=1, long_sequence=1 | 熵: 4.3370
