[2026-06-28 16:22:10] [INFO] 📂 从指定目录恢复训练: cs2s
[2026-06-28 16:22:10] [INFO]    📋 黑名单已启用，过滤技能: progressive_adaptive_combiner
[2026-06-28 16:22:10] [INFO]    📌 窗口级并行线程数: 8 (配置值: 8)
[2026-06-28 16:22:10] [INFO]    🧠 RL 模式已启用
[2026-06-28 16:22:10] [INFO]       learning_rate: 0.003
[2026-06-28 16:22:10] [INFO]       temperature: 1.1
[2026-06-28 16:22:10] [INFO]       baseline_decay: 0.9
[2026-06-28 16:22:10] [INFO]       replay_memory_size: 1000
[2026-06-28 16:22:10] [INFO] 
   📋 RL 稳定化参数 (三个手术刀级 Patch):
[2026-06-28 16:22:10] [INFO]       evolution_effect_strength = 0.3 (Patch 1)
[2026-06-28 16:22:10] [INFO]       theta_decay = 0.005 (Patch 2)
[2026-06-28 16:22:10] [INFO]       theta_bias_alpha = 0.15 (Patch 3)
[2026-06-28 16:22:10] [INFO] ======================================================================
[2026-06-28 16:22:10] [INFO] 🚀 SPLS v6 强化学习版（Policy Gradient + Online Learning）
[2026-06-28 16:22:10] [INFO] 📅 2026-06-28 16:22:10
[2026-06-28 16:22:10] [INFO] 📁 运行目录: cs2s
[2026-06-28 16:22:10] [INFO] 🔄 训练轮数: 12
[2026-06-28 16:22:10] [INFO] 📌 主进程 PID: 29020
[2026-06-28 16:22:10] [INFO] 🧠 RL 模式: 启用
[2026-06-28 16:22:10] [INFO]    Patch 1 (Evolution Soft Gate): strength=0.3
[2026-06-28 16:22:10] [INFO]    Patch 2 (Adaptive Decay): base_decay=0.005
[2026-06-28 16:22:10] [INFO]    Patch 3 (θ Bias Injection): alpha=0.15
[2026-06-28 16:22:10] [INFO] ======================================================================
[2026-06-28 16:22:10] [INFO] 
📋 策略池配置:
[2026-06-28 16:22:10] [INFO]    min: 3
[2026-06-28 16:22:10] [INFO]    target: 28
[2026-06-28 16:22:10] [INFO]    soft_max: 30
[2026-06-28 16:22:10] [INFO]    hard_max: 30
[2026-06-28 16:22:10] [INFO] 
📋 训练配置:
[2026-06-28 16:22:10] [INFO]    轮数: 12
[2026-06-28 16:22:10] [INFO]    自动优化: True
[2026-06-28 16:22:10] [INFO] 
📋 数据划分配置:
[2026-06-28 16:22:10] [INFO]    第一轮归纳比例: 0.5
[2026-06-28 16:22:10] [INFO]    B部分比例: 0.5
[2026-06-28 16:22:10] [INFO]    B子集数: 2
[2026-06-28 16:22:10] [INFO]    B子集顺序: [0, 1]
[2026-06-28 16:22:10] [INFO]    测试模式: custom
[2026-06-28 16:22:10] [INFO] 
📋 事后补丁配置:
[2026-06-28 16:22:10] [INFO]    启用: True
[2026-06-28 16:22:10] [INFO]    MASE阈值: 1.0
[2026-06-28 16:22:10] [INFO]    提升阈值: 1%
[2026-06-28 16:22:10] [INFO] 
📋 并行配置:
[2026-06-28 16:22:10] [INFO]    测试并行: True
[2026-06-28 16:22:10] [INFO]    测试线程数: 16
[2026-06-28 16:22:10] [INFO] 
======================================================================
[2026-06-28 16:22:10] [INFO] 📊 处理数据集: melbourne_temp
[2026-06-28 16:22:10] [INFO] ======================================================================
[2026-06-28 16:22:10] [INFO] 📁 加载已有数据: storage/autotune_results\collected_windows.csv (304 个窗口)
[2026-06-28 16:22:11] [INFO] ✅ 窗口完整 (304 个)
[2026-06-28 16:22:11] [INFO] 📁 采集结果已保存: storage/autotune_results\collected_windows.csv
[2026-06-28 16:22:11] [INFO] 📋 数据划分配置:
[2026-06-28 16:22:11] [INFO]    第一轮归纳比例 (A): 0.50
[2026-06-28 16:22:11] [INFO]    B部分比例: 0.50
[2026-06-28 16:22:11] [INFO]    B子集数: 2
[2026-06-28 16:22:11] [INFO]    演化使用B子集索引: [0, 1] (0-based)
[2026-06-28 16:22:11] [INFO] 📊 A部分 (归纳): 152 个窗口 (索引 0~151)
[2026-06-28 16:22:11] [INFO] 📊 B部分 (演化): 152 个窗口 (索引 152~303)
[2026-06-28 16:22:11] [INFO]    B1: 76 个窗口 (索引 152~227)
[2026-06-28 16:22:11] [INFO]    B2: 76 个窗口 (索引 228~303)
[2026-06-28 16:22:11] [INFO]    从B1抽取 25 个窗口作为测试，剩余 51 个
[2026-06-28 16:22:11] [INFO]    从B2抽取 25 个窗口作为测试，剩余 51 个
[2026-06-28 16:22:11] [INFO] 📊 测试集: 50 个窗口 (由各B子集前1/3组成)
[2026-06-28 16:22:11] [INFO]    演化使用 B1 (剩余 51 个窗口)
[2026-06-28 16:22:11] [INFO]    演化使用 B2 (剩余 51 个窗口)
[2026-06-28 16:22:11] [INFO] 📋 无检查点，从头开始训练
[2026-06-28 16:22:11] [INFO] 
══════════════════════════════════════════════════════════════════════
[2026-06-28 16:22:11] [INFO]   🔄 从第 1 轮继续训练（共 12 轮）
[2026-06-28 16:22:11] [INFO]   📋 策略池当前规模: 0 条策略
[2026-06-28 16:22:11] [INFO] ══════════════════════════════════════════════════════════════════════
[2026-06-28 16:22:11] [INFO] 
██████████████████████████████████████████████████████████████████████
[2026-06-28 16:22:11] [INFO] █  📍 阶段 1/2: 策略归纳（第 1 轮）
[2026-06-28 16:22:11] [INFO] █  ──────────────────────────────────────────────────────────────
[2026-06-28 16:22:11] [INFO] █  📊 A部分: 152 个窗口，每窗口生成 2 个候选策略
[2026-06-28 16:22:11] [INFO] ███████████████████████████████████████████████████████████████████████
[2026-06-28 16:22:11] [INFO] 🧠 第1轮：策略归纳 (A部分，每窗口2候选)...
[2026-06-28 16:22:11] [INFO] 
======================================================================
[2026-06-28 16:22:11] [INFO] 🧠 Skill Policy Induction v5 (策略生命周期管理版)
[2026-06-28 16:22:11] [INFO] ======================================================================
[2026-06-28 16:22:11] [INFO] 📊 数据量: 152 个窗口
[2026-06-28 16:22:11] [INFO]    📊 全局困难池: 0 个窗口
[2026-06-28 16:22:11] [INFO] 
======================================================================
[2026-06-28 16:22:11] [INFO] 📋 逐窗口策略生成与评估 (窗口级并行版)
[2026-06-28 16:22:11] [INFO] ======================================================================
[2026-06-28 16:22:11] [INFO]    📌 预测步数 (horizon): 12
[2026-06-28 16:22:11] [INFO] 📊 待处理窗口: 1-152 (共 152 个)
[2026-06-28 16:22:11] [INFO] 📊 待处理窗口数: 152
[2026-06-28 16:22:11] [INFO]    ⚡ 窗口级并行处理 152 个窗口 (workers=8)...
