[2026-06-28 03:04:39] [INFO] 📂 从指定目录恢复训练: llog\cs
[2026-06-28 03:04:39] [INFO]    📋 黑名单已启用，过滤技能: progressive_adaptive_combiner
[2026-06-28 03:04:39] [INFO]    📌 窗口级并行线程数: 8 (配置值: 8)
[2026-06-28 03:04:39] [INFO]    🧠 RL 模式已启用
[2026-06-28 03:04:39] [INFO]       learning_rate: 0.003
[2026-06-28 03:04:39] [INFO]       temperature: 1.1
[2026-06-28 03:04:39] [INFO]       baseline_decay: 0.9
[2026-06-28 03:04:39] [INFO]       replay_memory_size: 1000
[2026-06-28 03:04:39] [INFO] 
   📋 RL 稳定化参数 (三个手术刀级 Patch):
[2026-06-28 03:04:39] [INFO]       evolution_effect_strength = 0.3 (Patch 1)
[2026-06-28 03:04:39] [INFO]       theta_decay = 0.005 (Patch 2)
[2026-06-28 03:04:39] [INFO]       theta_bias_alpha = 0.15 (Patch 3)
[2026-06-28 03:04:39] [INFO] ======================================================================
[2026-06-28 03:04:39] [INFO] 🚀 SPLS v6 强化学习版（Policy Gradient + Online Learning）
[2026-06-28 03:04:39] [INFO] 📅 2026-06-28 03:04:39
[2026-06-28 03:04:39] [INFO] 📁 运行目录: llog\cs
[2026-06-28 03:04:39] [INFO] 🔄 训练轮数: 24
[2026-06-28 03:04:39] [INFO] 📌 主进程 PID: 26364
[2026-06-28 03:04:39] [INFO] 🧠 RL 模式: 启用
[2026-06-28 03:04:39] [INFO]    Patch 1 (Evolution Soft Gate): strength=0.3
[2026-06-28 03:04:39] [INFO]    Patch 2 (Adaptive Decay): base_decay=0.005
[2026-06-28 03:04:39] [INFO]    Patch 3 (θ Bias Injection): alpha=0.15
[2026-06-28 03:04:39] [INFO] ======================================================================
[2026-06-28 03:04:39] [INFO] 
📋 策略池配置:
[2026-06-28 03:04:39] [INFO]    min: 3
[2026-06-28 03:04:39] [INFO]    target: 28
[2026-06-28 03:04:39] [INFO]    soft_max: 30
[2026-06-28 03:04:39] [INFO]    hard_max: 30
[2026-06-28 03:04:39] [INFO] 
📋 训练配置:
[2026-06-28 03:04:39] [INFO]    轮数: 24
[2026-06-28 03:04:39] [INFO]    自动优化: True
[2026-06-28 03:04:39] [INFO] 
📋 数据划分配置:
[2026-06-28 03:04:39] [INFO]    第一轮归纳比例: 0.5
[2026-06-28 03:04:39] [INFO]    B部分比例: 0.5
[2026-06-28 03:04:39] [INFO]    B子集数: 2
[2026-06-28 03:04:39] [INFO]    B子集顺序: [0, 1]
[2026-06-28 03:04:39] [INFO]    测试模式: custom
[2026-06-28 03:04:39] [INFO] 
📋 事后补丁配置:
[2026-06-28 03:04:39] [INFO]    启用: True
[2026-06-28 03:04:39] [INFO]    MASE阈值: 1.0
[2026-06-28 03:04:39] [INFO]    提升阈值: 1%
[2026-06-28 03:04:39] [INFO] 
📋 并行配置:
[2026-06-28 03:04:39] [INFO]    测试并行: True
[2026-06-28 03:04:39] [INFO]    测试线程数: 12
[2026-06-28 03:04:39] [INFO] 
======================================================================
[2026-06-28 03:04:39] [INFO] 📊 处理数据集: melbourne_temp
[2026-06-28 03:04:39] [INFO] ======================================================================
[2026-06-28 03:04:39] [INFO] 📁 加载已有数据: storage/autotune_results\collected_windows.csv (304 个窗口)
[2026-06-28 03:04:39] [INFO] ✅ 窗口完整 (304 个)
[2026-06-28 03:04:39] [INFO] 📁 采集结果已保存: storage/autotune_results\collected_windows.csv
[2026-06-28 03:04:39] [INFO] 📋 数据划分配置:
[2026-06-28 03:04:39] [INFO]    第一轮归纳比例 (A): 0.50
[2026-06-28 03:04:39] [INFO]    B部分比例: 0.50
[2026-06-28 03:04:39] [INFO]    B子集数: 2
[2026-06-28 03:04:39] [INFO]    演化使用B子集索引: [0, 1] (0-based)
[2026-06-28 03:04:39] [INFO] 📊 A部分 (归纳): 152 个窗口 (索引 0~151)
[2026-06-28 03:04:39] [INFO] 📊 B部分 (演化): 152 个窗口 (索引 152~303)
[2026-06-28 03:04:39] [INFO]    B1: 76 个窗口 (索引 152~227)
[2026-06-28 03:04:39] [INFO]    B2: 76 个窗口 (索引 228~303)
[2026-06-28 03:04:39] [INFO]    从B1抽取 25 个窗口作为测试，剩余 51 个
[2026-06-28 03:04:39] [INFO]    从B2抽取 25 个窗口作为测试，剩余 51 个
[2026-06-28 03:04:39] [INFO] 📊 测试集: 50 个窗口 (由各B子集前1/3组成)
[2026-06-28 03:04:39] [INFO]    演化使用 B1 (剩余 51 个窗口)
[2026-06-28 03:04:39] [INFO]    演化使用 B2 (剩余 51 个窗口)
[2026-06-28 03:04:39] [INFO] 📂 加载检查点: 已完成 1 轮
[2026-06-28 03:04:39] [INFO]    ✅ A部分评估已完成 (跳过重复评估)
[2026-06-28 03:04:39] [INFO] 📋 从第 1 轮加载策略: 4 条
[2026-06-28 03:04:39] [INFO] 
══════════════════════════════════════════════════════════════════════
[2026-06-28 03:04:39] [INFO]   🔄 从第 2 轮继续训练（共 24 轮）
[2026-06-28 03:04:39] [INFO]   📋 策略池当前规模: 4 条策略
[2026-06-28 03:04:39] [INFO] ══════════════════════════════════════════════════════════════════════
[2026-06-28 03:04:39] [INFO]    📉 第 2 轮学习率: 0.002970 (衰减因子 0.9900)
[2026-06-28 03:04:39] [INFO] 
██████████████████████████████████████████████████████████████████████
[2026-06-28 03:04:39] [INFO] █  📍 阶段 2/3: RL 演化训练（第 2 轮）
[2026-06-28 03:04:39] [INFO] █  ──────────────────────────────────────────────────────────────
[2026-06-28 03:04:39] [INFO] █  📊 B1子集: 51 个窗口
[2026-06-28 03:04:39] [INFO] █  📋 当前策略数: 4 条
[2026-06-28 03:04:39] [INFO] █  📈 训练进度: 2/24 (8%)
[2026-06-28 03:04:39] [INFO] ███████████████████████████████████████████████████████████████████████
[2026-06-28 03:04:39] [INFO] 
[2026-06-28 03:04:39] [INFO]    ┌─────────────────────────────────────────────────────────────┐
[2026-06-28 03:04:39] [INFO]    │  📌 第 2 轮演化优化 (B1子集, 51 个窗口)                  │
[2026-06-28 03:04:39] [INFO]    └─────────────────────────────────────────────────────────────┘
[2026-06-28 03:04:39] [INFO] 
[2026-06-28 03:04:39] [INFO]    ┌─────────────────────────────────────────────────────────────┐
[2026-06-28 03:04:39] [INFO]    │  📍 子阶段 A: Re-Induction（策略生成与评估）              │
[2026-06-28 03:04:39] [INFO]    └─────────────────────────────────────────────────────────────┘
[2026-06-28 03:04:39] [INFO]    ⚡ 执行 Re-Induction...
[2026-06-28 03:04:39] [INFO]    ──────────────────────────────────────────────────────────
[2026-06-28 03:04:39] [INFO] 
[2026-06-28 03:04:39] [INFO] ┌──────────────────────────────────────────────────────────┐
[2026-06-28 03:04:39] [INFO] │  🔄 第 2 轮演化优化（RL 模式）                                     │
[2026-06-28 03:04:39] [INFO] ├──────────────────────────────────────────────────────────┤
[2026-06-28 03:04:39] [INFO] │  📋 当前策略数: 4                                              │
[2026-06-28 03:04:39] [INFO] └──────────────────────────────────────────────────────────┘
[2026-06-28 03:04:39] [INFO]    📊 stability_score 分布: min=0.600, mean=0.600, max=0.600
[2026-06-28 03:04:39] [INFO]    📊 健康评分: 0.361
[2026-06-28 03:04:39] [INFO]    ⚡ Evolution Strength: 0.30 (不稳定策略 → 更高概率被扰动)
[2026-06-28 03:04:39] [INFO]    ⚡ 强制触发演化（RL 模式）
[2026-06-28 03:04:39] [INFO] 
==================================================
[2026-06-28 03:04:39] [INFO] 📊 全局策略池摘要（RL 参考信息）
[2026-06-28 03:04:39] [INFO] ==================================================
[2026-06-28 03:04:39] [INFO] 全局策略池摘要：
- 共 4 条策略
- 状态分布: {'ACTIVE': 4}
- 场景覆盖: seasonal_strength+trend_strength:1, adf_pvalue+seasonal_strength:1, cv+volatility_ratio:1, local_slope_120+local_std_ratio_120:1
- 平均MASE: 0.7541
- 最优策略: policy_0_9b6a (MASE=0.7018)
- 最差策略: policy_2_e2d0 (MASE=0.8352)
[2026-06-28 03:04:39] [INFO] ==================================================
[2026-06-28 03:04:39] [INFO]    ℹ️ RL 模式：Merge/Retire/Refresh/Patch 已禁用（由 Policy Gradient 替代）
[2026-06-28 03:04:39] [INFO] 
[2026-06-28 03:04:39] [INFO]    ┌─────────────────────────────────────────────────────────────┐
[2026-06-28 03:04:39] [INFO]    │  📍 子阶段 1/2: Re-Induction 检查                          │
[2026-06-28 03:04:39] [INFO]    └─────────────────────────────────────────────────────────────┘
[2026-06-28 03:04:39] [INFO]    🔍 检查 Re-Induction 条件...
[2026-06-28 03:04:39] [INFO]    🆕 检查 Re-Induction 条件（RL 模式）...
[2026-06-28 03:04:39] [INFO]    📊 识别困难窗口...
[2026-06-28 03:04:39] [INFO]    🔄 计算困难窗口（4 条策略 × 51 个窗口）...
[2026-06-28 03:04:39] [INFO]    📁 [缓存目录] 找到缓存目录: llog\run_20260624_043426\window_results
[2026-06-28 03:04:39] [INFO]    📁 [诊断] 找到 223 个 JSON 缓存文件
[2026-06-28 03:04:39] [INFO]    📦 [诊断] 成功加载 223 个窗口的缓存
[2026-06-28 03:04:39] [INFO]    📋 [诊断] 缓存窗口ID示例: [1, 10, 100, 101, 102]
[2026-06-28 03:04:39] [INFO]    📊 有效窗口: 51/51
[2026-06-28 03:04:39] [INFO]    📊 [缓存命中] 命中: 51/51
[2026-06-28 03:04:39] [INFO]    ✅ [缓存命中] 命中窗口: [177, 178, 179, 180, 181, 182, 183, 184, 185, 186, 187, 188, 189, 190, 191, 192, 193, 194, 195, 196, 197, 198, 199, 200, 201, 202, 203, 204, 205, 206, 207, 208, 209, 210, 211, 212, 213, 214, 215, 216, 217, 218, 219, 220, 221, 222, 223, 224, 225, 226, 227]
[2026-06-28 03:04:39] [INFO]    📂 [缓存命中] 窗口 177 使用缓存 MASE=0.788774
[2026-06-28 03:04:39] [INFO]    📂 [缓存命中] 窗口 178 使用缓存 MASE=0.596603
[2026-06-28 03:04:39] [INFO]    📂 [缓存命中] 窗口 179 使用缓存 MASE=0.658758
[2026-06-28 03:04:39] [INFO]    📂 [缓存命中] 窗口 180 使用缓存 MASE=0.561651
[2026-06-28 03:04:39] [INFO]    📂 [缓存命中] 窗口 181 使用缓存 MASE=0.719053
[2026-06-28 03:04:39] [INFO]    📂 [缓存命中] 窗口 182 使用缓存 MASE=0.566135
[2026-06-28 03:04:39] [INFO]    📂 [缓存命中] 窗口 183 使用缓存 MASE=0.842351
[2026-06-28 03:04:39] [INFO]    📂 [缓存命中] 窗口 184 使用缓存 MASE=0.714110
[2026-06-28 03:04:39] [INFO]    📂 [缓存命中] 窗口 185 使用缓存 MASE=1.424086
[2026-06-28 03:04:39] [INFO]    📂 [缓存命中] 窗口 186 使用缓存 MASE=0.799458
[2026-06-28 03:04:40] [INFO]    📂 [缓存命中] 窗口 187 使用缓存 MASE=0.644805
[2026-06-28 03:04:40] [INFO]    📂 [缓存命中] 窗口 188 使用缓存 MASE=0.530348
[2026-06-28 03:04:40] [INFO]    📂 [缓存命中] 窗口 189 使用缓存 MASE=1.091703
[2026-06-28 03:04:40] [INFO]    📂 [缓存命中] 窗口 190 使用缓存 MASE=0.588913
[2026-06-28 03:04:40] [INFO]    📂 [缓存命中] 窗口 191 使用缓存 MASE=0.888340
[2026-06-28 03:04:40] [INFO]    📂 [缓存命中] 窗口 192 使用缓存 MASE=0.770452
[2026-06-28 03:04:40] [INFO]    📂 [缓存命中] 窗口 193 使用缓存 MASE=1.046606
[2026-06-28 03:04:40] [INFO]    📂 [缓存命中] 窗口 194 使用缓存 MASE=0.679006
[2026-06-28 03:04:40] [INFO]    📂 [缓存命中] 窗口 195 使用缓存 MASE=0.521721
[2026-06-28 03:04:40] [INFO]    📂 [缓存命中] 窗口 196 使用缓存 MASE=1.469862
[2026-06-28 03:04:40] [INFO]    📂 [缓存命中] 窗口 197 使用缓存 MASE=0.561261
[2026-06-28 03:04:40] [INFO]    📂 [缓存命中] 窗口 198 使用缓存 MASE=0.940059
[2026-06-28 03:04:40] [INFO]    📂 [缓存命中] 窗口 199 使用缓存 MASE=0.673855
[2026-06-28 03:04:40] [INFO]    📂 [缓存命中] 窗口 200 使用缓存 MASE=0.647767
[2026-06-28 03:04:40] [INFO]    📂 [缓存命中] 窗口 201 使用缓存 MASE=0.599172
[2026-06-28 03:04:40] [INFO]    📂 [缓存命中] 窗口 202 使用缓存 MASE=0.527191
[2026-06-28 03:04:40] [INFO]    📂 [缓存命中] 窗口 203 使用缓存 MASE=0.593823
[2026-06-28 03:04:40] [INFO]    📂 [缓存命中] 窗口 204 使用缓存 MASE=0.755641
[2026-06-28 03:04:40] [INFO]    📂 [缓存命中] 窗口 205 使用缓存 MASE=1.023940
[2026-06-28 03:04:40] [INFO]    📂 [缓存命中] 窗口 206 使用缓存 MASE=0.696460
[2026-06-28 03:04:40] [INFO]    📂 [缓存命中] 窗口 207 使用缓存 MASE=0.945713
[2026-06-28 03:04:40] [INFO]    📂 [缓存命中] 窗口 208 使用缓存 MASE=0.512399
[2026-06-28 03:04:40] [INFO]    📂 [缓存命中] 窗口 209 使用缓存 MASE=0.451104
[2026-06-28 03:04:40] [INFO]    📂 [缓存命中] 窗口 210 使用缓存 MASE=0.581987
[2026-06-28 03:04:40] [INFO]    📂 [缓存命中] 窗口 211 使用缓存 MASE=0.494724
[2026-06-28 03:04:40] [INFO]    📂 [缓存命中] 窗口 212 使用缓存 MASE=0.519716
[2026-06-28 03:04:40] [INFO]    📂 [缓存命中] 窗口 213 使用缓存 MASE=0.363067
[2026-06-28 03:04:40] [INFO]    📂 [缓存命中] 窗口 214 使用缓存 MASE=1.047397
[2026-06-28 03:04:40] [INFO]    📂 [缓存命中] 窗口 215 使用缓存 MASE=0.571590
[2026-06-28 03:04:40] [INFO]    📂 [缓存命中] 窗口 216 使用缓存 MASE=0.545147
[2026-06-28 03:04:40] [INFO]    📂 [缓存命中] 窗口 217 使用缓存 MASE=0.603773
[2026-06-28 03:04:40] [INFO]    📂 [缓存命中] 窗口 218 使用缓存 MASE=0.933568
[2026-06-28 03:04:40] [INFO]    📂 [缓存命中] 窗口 219 使用缓存 MASE=0.825951
[2026-06-28 03:04:40] [INFO]    📂 [缓存命中] 窗口 220 使用缓存 MASE=0.862647
[2026-06-28 03:04:40] [INFO]    📂 [缓存命中] 窗口 221 使用缓存 MASE=1.105742
[2026-06-28 03:04:40] [INFO]    📂 [缓存命中] 窗口 222 使用缓存 MASE=0.961206
[2026-06-28 03:04:40] [INFO]    📂 [缓存命中] 窗口 223 使用缓存 MASE=1.057156
[2026-06-28 03:04:40] [INFO]    📂 [缓存命中] 窗口 224 使用缓存 MASE=0.748666
[2026-06-28 03:04:40] [INFO]    📂 [缓存命中] 窗口 225 使用缓存 MASE=0.726375
[2026-06-28 03:04:40] [INFO]    📂 [缓存命中] 窗口 226 使用缓存 MASE=0.763498
[2026-06-28 03:04:40] [INFO]    📂 [缓存命中] 窗口 227 使用缓存 MASE=0.920022
[2026-06-28 03:04:40] [INFO]    ✅ 窗口处理完成，有效结果: 51/51
[2026-06-28 03:04:40] [INFO]    📊 [缓存统计] 磁盘缓存命中: 51 个
[2026-06-28 03:04:40] [INFO]    📊 [缓存统计] 新计算并写入缓存: 0 个
[2026-06-28 03:04:40] [INFO]    📊 [缓存命中率] 100.0% (51/51)
[2026-06-28 03:04:40] [INFO]    📦 [内存缓存大小] 0 条
[2026-06-28 03:04:40] [INFO]    📊 困难窗口: 22/51 (43.14%)
[2026-06-28 03:04:40] [INFO]    ✅ 触发 Re-Induction（困难窗口比例 43.14% >= 12.00%）
[2026-06-28 03:04:40] [INFO]       📋 困难窗口数: 22 个
[2026-06-28 03:04:40] [INFO]       📊 平均 MASE: 0.9666
[2026-06-28 03:04:40] [INFO]       ℹ️ 困难窗口 185 已在困难池中 (MASE=1.4241)
[2026-06-28 03:04:40] [INFO]       ℹ️ 困难窗口 189 已在困难池中 (MASE=1.0917)
[2026-06-28 03:04:40] [INFO]       ℹ️ 困难窗口 193 已在困难池中 (MASE=1.0466)
[2026-06-28 03:04:40] [INFO]       ℹ️ 困难窗口 196 已在困难池中 (MASE=1.4699)
[2026-06-28 03:04:40] [INFO]       ℹ️ 困难窗口 205 已在困难池中 (MASE=1.0239)
[2026-06-28 03:04:40] [INFO]       ℹ️ 困难窗口 214 已在困难池中 (MASE=1.0474)
[2026-06-28 03:04:40] [INFO]       ℹ️ 困难窗口 221 已在困难池中 (MASE=1.1057)
[2026-06-28 03:04:40] [INFO]       ℹ️ 困难窗口 223 已在困难池中 (MASE=1.0572)
[2026-06-28 03:04:40] [INFO]    📥 收集 8 个困难窗口到全局池
[2026-06-28 03:04:40] [INFO]    🧠 在 22 个困难窗口上生成新策略候选...
[2026-06-28 03:04:40] [INFO] 
======================================================================
[2026-06-28 03:04:40] [INFO] 🧠 Skill Policy Induction v5 (策略生命周期管理版)
[2026-06-28 03:04:40] [INFO] ======================================================================
[2026-06-28 03:04:40] [INFO] 📊 数据量: 22 个窗口
[2026-06-28 03:04:40] [INFO]    🔄 强制重新生成模式（忽略缓存，基于当前窗口数据生成新策略）
[2026-06-28 03:04:40] [INFO]    📊 全局困难池: 53 个窗口
[2026-06-28 03:04:40] [INFO] 
======================================================================
[2026-06-28 03:04:40] [INFO] 📋 逐窗口策略生成与评估 (窗口级并行版)
[2026-06-28 03:04:40] [INFO] ======================================================================
[2026-06-28 03:04:40] [INFO]    📌 预测步数 (horizon): 12
[2026-06-28 03:04:40] [INFO] 📊 待处理窗口: 178-228 (共 22 个)
[2026-06-28 03:04:40] [INFO] 📊 待处理窗口数: 22
[2026-06-28 03:04:40] [INFO]    ⚡ 窗口级并行处理 22 个窗口 (workers=8)...
